<?xml version="1.0" encoding="UTF-8"?>
<!-- Generated by org.testng.reporters.JUnitXMLReporter -->
<testsuite ignored="0" hostname="Rae" failures="0" tests="10" name="chromeTest" time="250.776" errors="0" timestamp="2025-02-18T12:04:00 CST">
  <testcase classname="testCases.TC01_LaunchApplication" name="testLaunchApplication" time="0.766"/>
  <testcase classname="testCases.TC06_GifftCertificcate" name="testPurchaseAGiftCertificate" time="12.545"/>
  <testcase classname="testCases.TC03_AddToCart" name="testAddToCart" time="12.274"/>
  <testcase classname="testCases.TC02_Login" name="testLogin" time="11.419"/>
  <testcase classname="testCases.TC02_Login" name="testLogin" time="5.82"/>
  <testcase classname="testCases.TC02_Login" name="testLogin" time="5.068"/>
  <testcase classname="testCases.TC02_Login" name="testLogin" time="5.678"/>
  <testcase classname="testCases.TC02_Login" name="testLogin" time="10.377"/>
  <testcase classname="testCases.TC05_AddToWish" name="testAddToWishList" time="10.943"/>
  <testcase classname="testCases.TC04_CompletePurchase" name="testCompletePurchase" time="87.51"/>
</testsuite> <!-- chromeTest -->
