<?xml version="1.0" encoding="UTF-8"?>
<!-- Generated by org.testng.reporters.JUnitXMLReporter -->
<testsuite ignored="0" hostname="Rae" failures="0" tests="10" name="firefoxTest" time="275.185" errors="0" timestamp="2025-02-18T12:04:22 CST">
  <testcase classname="testCases.TC01_LaunchApplication" name="testLaunchApplication" time="0.497"/>
  <testcase classname="testCases.TC06_GifftCertificcate" name="testPurchaseAGiftCertificate" time="4.704"/>
  <testcase classname="testCases.TC03_AddToCart" name="testAddToCart" time="5.267"/>
  <testcase classname="testCases.TC02_Login" name="testLogin" time="4.826"/>
  <testcase classname="testCases.TC02_Login" name="testLogin" time="4.031"/>
  <testcase classname="testCases.TC02_Login" name="testLogin" time="4.837"/>
  <testcase classname="testCases.TC02_Login" name="testLogin" time="5.982"/>
  <testcase classname="testCases.TC02_Login" name="testLogin" time="5.216"/>
  <testcase classname="testCases.TC05_AddToWish" name="testAddToWishList" time="4.314"/>
  <testcase classname="testCases.TC04_CompletePurchase" name="testCompletePurchase" time="72.949"/>
</testsuite> <!-- firefoxTest -->
