<?xml version="1.0" encoding="UTF-8"?>
<!-- Generated by org.testng.reporters.JUnitXMLReporter -->
<testsuite ignored="0" hostname="Rae" failures="0" tests="10" name="edgeTest" time="323.542" errors="0" timestamp="2025-02-24T19:54:28 CST">
  <testcase classname="testCases.TC01_LaunchApplication" name="testLaunchApplication" time="0.933"/>
  <testcase classname="testCases.TC06_GifftCertificcate" name="testPurchaseAGiftCertificate" time="5.478"/>
  <testcase classname="testCases.TC03_AddToCart" name="testAddToCart" time="5.864"/>
  <testcase classname="testCases.TC02_Login" name="testLogin" time="11.665"/>
  <testcase classname="testCases.TC02_Login" name="testLogin" time="4.802"/>
  <testcase classname="testCases.TC02_Login" name="testLogin" time="4.751"/>
  <testcase classname="testCases.TC02_Login" name="testLogin" time="6.815"/>
  <testcase classname="testCases.TC02_Login" name="testLogin" time="14.52"/>
  <testcase classname="testCases.TC05_AddToWish" name="testAddToWishList" time="6.676"/>
  <testcase classname="testCases.TC04_CompletePurchase" name="testCompletePurchase" time="74.868"/>
</testsuite> <!-- edgeTest -->
