<?xml version="1.0" encoding="UTF-8"?>
<testng-results ignored="0" total="30" passed="30" failed="0" skipped="0">
  <reporter-output>
  </reporter-output>
  <suite started-at="2025-02-24T19:49:04 CST" name="Suite" finished-at="2025-02-24T19:54:27 CST" duration-ms="323552">
    <groups>
      <group name="datadriven">
        <method signature="TC02_Login.testLogin(java.lang.String,java.lang.String)[pri:0, instance:testCases.TC02_Login@66c92293]" name="testLogin" class="testCases.TC02_Login"/>
        <method signature="TC02_Login.testLogin(java.lang.String,java.lang.String)[pri:0, instance:testCases.TC02_Login@39a2bb97]" name="testLogin" class="testCases.TC02_Login"/>
        <method signature="TC02_Login.testLogin(java.lang.String,java.lang.String)[pri:0, instance:testCases.TC02_Login@5bf8fa12]" name="testLogin" class="testCases.TC02_Login"/>
      </group> <!-- datadriven -->
      <group name="regression">
        <method signature="TC01_LaunchApplication.testLaunchApplication()[pri:0, instance:testCases.TC01_LaunchApplication@5ba88be8]" name="testLaunchApplication" class="testCases.TC01_LaunchApplication"/>
        <method signature="TC02_Login.testLogin(java.lang.String,java.lang.String)[pri:0, instance:testCases.TC02_Login@66c92293]" name="testLogin" class="testCases.TC02_Login"/>
        <method signature="TC03_AddToCart.testAddToCart()[pri:0, instance:testCases.TC03_AddToCart@30e868be]" name="testAddToCart" class="testCases.TC03_AddToCart"/>
        <method signature="TC04_CompletePurchase.testCompletePurchase()[pri:0, instance:testCases.TC04_CompletePurchase@4f0100a7]" name="testCompletePurchase" class="testCases.TC04_CompletePurchase"/>
        <method signature="TC05_AddToWish.testAddToWishList()[pri:0, instance:testCases.TC05_AddToWish@332796d3]" name="testAddToWishList" class="testCases.TC05_AddToWish"/>
        <method signature="TC06_GifftCertificcate.testPurchaseAGiftCertificate()[pri:0, instance:testCases.TC06_GifftCertificcate@38089a5a]" name="testPurchaseAGiftCertificate" class="testCases.TC06_GifftCertificcate"/>
        <method signature="TC01_LaunchApplication.testLaunchApplication()[pri:0, instance:testCases.TC01_LaunchApplication@7749bf93]" name="testLaunchApplication" class="testCases.TC01_LaunchApplication"/>
        <method signature="TC02_Login.testLogin(java.lang.String,java.lang.String)[pri:0, instance:testCases.TC02_Login@39a2bb97]" name="testLogin" class="testCases.TC02_Login"/>
        <method signature="TC03_AddToCart.testAddToCart()[pri:0, instance:testCases.TC03_AddToCart@539d019]" name="testAddToCart" class="testCases.TC03_AddToCart"/>
        <method signature="TC04_CompletePurchase.testCompletePurchase()[pri:0, instance:testCases.TC04_CompletePurchase@8c3619e]" name="testCompletePurchase" class="testCases.TC04_CompletePurchase"/>
        <method signature="TC05_AddToWish.testAddToWishList()[pri:0, instance:testCases.TC05_AddToWish@3ad2e17]" name="testAddToWishList" class="testCases.TC05_AddToWish"/>
        <method signature="TC06_GifftCertificcate.testPurchaseAGiftCertificate()[pri:0, instance:testCases.TC06_GifftCertificcate@13330ac6]" name="testPurchaseAGiftCertificate" class="testCases.TC06_GifftCertificcate"/>
        <method signature="TC01_LaunchApplication.testLaunchApplication()[pri:0, instance:testCases.TC01_LaunchApplication@6f63b475]" name="testLaunchApplication" class="testCases.TC01_LaunchApplication"/>
        <method signature="TC02_Login.testLogin(java.lang.String,java.lang.String)[pri:0, instance:testCases.TC02_Login@5bf8fa12]" name="testLogin" class="testCases.TC02_Login"/>
        <method signature="TC03_AddToCart.testAddToCart()[pri:0, instance:testCases.TC03_AddToCart@1608bcbd]" name="testAddToCart" class="testCases.TC03_AddToCart"/>
        <method signature="TC04_CompletePurchase.testCompletePurchase()[pri:0, instance:testCases.TC04_CompletePurchase@b2c5e07]" name="testCompletePurchase" class="testCases.TC04_CompletePurchase"/>
        <method signature="TC05_AddToWish.testAddToWishList()[pri:0, instance:testCases.TC05_AddToWish@29ca3d04]" name="testAddToWishList" class="testCases.TC05_AddToWish"/>
        <method signature="TC06_GifftCertificcate.testPurchaseAGiftCertificate()[pri:0, instance:testCases.TC06_GifftCertificcate@554e218]" name="testPurchaseAGiftCertificate" class="testCases.TC06_GifftCertificcate"/>
      </group> <!-- regression -->
      <group name="smoke">
        <method signature="TC01_LaunchApplication.testLaunchApplication()[pri:0, instance:testCases.TC01_LaunchApplication@5ba88be8]" name="testLaunchApplication" class="testCases.TC01_LaunchApplication"/>
        <method signature="TC02_Login.testLogin(java.lang.String,java.lang.String)[pri:0, instance:testCases.TC02_Login@66c92293]" name="testLogin" class="testCases.TC02_Login"/>
        <method signature="TC03_AddToCart.testAddToCart()[pri:0, instance:testCases.TC03_AddToCart@30e868be]" name="testAddToCart" class="testCases.TC03_AddToCart"/>
        <method signature="TC04_CompletePurchase.testCompletePurchase()[pri:0, instance:testCases.TC04_CompletePurchase@4f0100a7]" name="testCompletePurchase" class="testCases.TC04_CompletePurchase"/>
        <method signature="TC01_LaunchApplication.testLaunchApplication()[pri:0, instance:testCases.TC01_LaunchApplication@7749bf93]" name="testLaunchApplication" class="testCases.TC01_LaunchApplication"/>
        <method signature="TC02_Login.testLogin(java.lang.String,java.lang.String)[pri:0, instance:testCases.TC02_Login@39a2bb97]" name="testLogin" class="testCases.TC02_Login"/>
        <method signature="TC03_AddToCart.testAddToCart()[pri:0, instance:testCases.TC03_AddToCart@539d019]" name="testAddToCart" class="testCases.TC03_AddToCart"/>
        <method signature="TC04_CompletePurchase.testCompletePurchase()[pri:0, instance:testCases.TC04_CompletePurchase@8c3619e]" name="testCompletePurchase" class="testCases.TC04_CompletePurchase"/>
        <method signature="TC01_LaunchApplication.testLaunchApplication()[pri:0, instance:testCases.TC01_LaunchApplication@6f63b475]" name="testLaunchApplication" class="testCases.TC01_LaunchApplication"/>
        <method signature="TC02_Login.testLogin(java.lang.String,java.lang.String)[pri:0, instance:testCases.TC02_Login@5bf8fa12]" name="testLogin" class="testCases.TC02_Login"/>
        <method signature="TC03_AddToCart.testAddToCart()[pri:0, instance:testCases.TC03_AddToCart@1608bcbd]" name="testAddToCart" class="testCases.TC03_AddToCart"/>
        <method signature="TC04_CompletePurchase.testCompletePurchase()[pri:0, instance:testCases.TC04_CompletePurchase@b2c5e07]" name="testCompletePurchase" class="testCases.TC04_CompletePurchase"/>
      </group> <!-- smoke -->
    </groups>
    <test started-at="2025-02-24T19:49:04 CST" name="firefoxTest" finished-at="2025-02-24T19:53:43 CST" duration-ms="278745">
      <class name="testCases.TC02_Login">
        <test-method is-config="true" signature="openApp(java.lang.String,java.lang.String)[pri:0, instance:testCases.TC02_Login@5bf8fa12]" started-at="2025-02-24T19:50:48 CST" name="openApp" finished-at="2025-02-24T19:51:04 CST" duration-ms="15088" status="PASS">
          <params>
            <param index="0">
              <value>
                <![CDATA[windows]]>
              </value>
            </param>
            <param index="1">
              <value>
                <![CDATA[firefox]]>
              </value>
            </param>
          </params>
          <reporter-output>
          </reporter-output>
        </test-method> <!-- openApp -->
        <test-method signature="testLogin(java.lang.String,java.lang.String)[pri:0, instance:testCases.TC02_Login@5bf8fa12]" started-at="2025-02-24T19:51:07 CST" name="testLogin" data-provider="LoginData" finished-at="2025-02-24T19:51:11 CST" duration-ms="4327" status="PASS">
          <params>
            <param index="0">
              <value>
                <![CDATA[goodmorning@gmail.com]]>
              </value>
            </param>
            <param index="1">
              <value>
                <![CDATA[test@1234]]>
              </value>
            </param>
          </params>
          <reporter-output>
          </reporter-output>
        </test-method> <!-- testLogin -->
        <test-method signature="testLogin(java.lang.String,java.lang.String)[pri:0, instance:testCases.TC02_Login@5bf8fa12]" started-at="2025-02-24T19:51:11 CST" name="testLogin" data-provider="LoginData" finished-at="2025-02-24T19:51:15 CST" duration-ms="3934" status="PASS">
          <params>
            <param index="0">
              <value>
                <![CDATA[test121@test.com]]>
              </value>
            </param>
            <param index="1">
              <value>
                <![CDATA[test123]]>
              </value>
            </param>
          </params>
          <reporter-output>
          </reporter-output>
        </test-method> <!-- testLogin -->
        <test-method signature="testLogin(java.lang.String,java.lang.String)[pri:0, instance:testCases.TC02_Login@5bf8fa12]" started-at="2025-02-24T19:51:15 CST" name="testLogin" data-provider="LoginData" finished-at="2025-02-24T19:51:19 CST" duration-ms="3898" status="PASS">
          <params>
            <param index="0">
              <value>
                <![CDATA[sid@cloudberry.services]]>
              </value>
            </param>
            <param index="1">
              <value>
                <![CDATA[Test123]]>
              </value>
            </param>
          </params>
          <reporter-output>
          </reporter-output>
        </test-method> <!-- testLogin -->
        <test-method signature="testLogin(java.lang.String,java.lang.String)[pri:0, instance:testCases.TC02_Login@5bf8fa12]" started-at="2025-02-24T19:51:19 CST" name="testLogin" data-provider="LoginData" finished-at="2025-02-24T19:51:22 CST" duration-ms="3368" status="PASS">
          <params>
            <param index="0">
              <value>
                <![CDATA[otisdog22@yahoo.com]]>
              </value>
            </param>
            <param index="1">
              <value>
                <![CDATA[1234QWERT]]>
              </value>
            </param>
          </params>
          <reporter-output>
          </reporter-output>
        </test-method> <!-- testLogin -->
        <test-method signature="testLogin(java.lang.String,java.lang.String)[pri:0, instance:testCases.TC02_Login@5bf8fa12]" started-at="2025-02-24T19:51:22 CST" name="testLogin" data-provider="LoginData" finished-at="2025-02-24T19:51:26 CST" duration-ms="3616" status="PASS">
          <params>
            <param index="0">
              <value>
                <![CDATA[shalaka.dongre@gmail.com]]>
              </value>
            </param>
            <param index="1">
              <value>
                <![CDATA[Test123!]]>
              </value>
            </param>
          </params>
          <reporter-output>
          </reporter-output>
        </test-method> <!-- testLogin -->
        <test-method is-config="true" signature="closeApp()[pri:0, instance:testCases.TC02_Login@5bf8fa12]" started-at="2025-02-24T19:51:26 CST" name="closeApp" finished-at="2025-02-24T19:51:35 CST" duration-ms="8975" status="PASS">
          <reporter-output>
          </reporter-output>
        </test-method> <!-- closeApp -->
      </class> <!-- testCases.TC02_Login -->
      <class name="testCases.TC01_LaunchApplication">
        <test-method is-config="true" signature="openApp(java.lang.String,java.lang.String)[pri:0, instance:testCases.TC01_LaunchApplication@6f63b475]" started-at="2025-02-24T19:49:05 CST" name="openApp" finished-at="2025-02-24T19:49:43 CST" duration-ms="38648" status="PASS">
          <params>
            <param index="0">
              <value>
                <![CDATA[windows]]>
              </value>
            </param>
            <param index="1">
              <value>
                <![CDATA[firefox]]>
              </value>
            </param>
          </params>
          <reporter-output>
          </reporter-output>
        </test-method> <!-- openApp -->
        <test-method signature="testLaunchApplication()[pri:0, instance:testCases.TC01_LaunchApplication@6f63b475]" started-at="2025-02-24T19:49:43 CST" name="testLaunchApplication" finished-at="2025-02-24T19:49:44 CST" duration-ms="296" status="PASS">
          <reporter-output>
          </reporter-output>
        </test-method> <!-- testLaunchApplication -->
        <test-method is-config="true" signature="closeApp()[pri:0, instance:testCases.TC01_LaunchApplication@6f63b475]" started-at="2025-02-24T19:49:44 CST" name="closeApp" finished-at="2025-02-24T19:49:56 CST" duration-ms="12754" status="PASS">
          <reporter-output>
          </reporter-output>
        </test-method> <!-- closeApp -->
      </class> <!-- testCases.TC01_LaunchApplication -->
      <class name="testCases.TC03_AddToCart">
        <test-method is-config="true" signature="openApp(java.lang.String,java.lang.String)[pri:0, instance:testCases.TC03_AddToCart@1608bcbd]" started-at="2025-02-24T19:50:23 CST" name="openApp" finished-at="2025-02-24T19:50:39 CST" duration-ms="16612" status="PASS">
          <params>
            <param index="0">
              <value>
                <![CDATA[windows]]>
              </value>
            </param>
            <param index="1">
              <value>
                <![CDATA[firefox]]>
              </value>
            </param>
          </params>
          <reporter-output>
          </reporter-output>
        </test-method> <!-- openApp -->
        <test-method signature="testAddToCart()[pri:0, instance:testCases.TC03_AddToCart@1608bcbd]" started-at="2025-02-24T19:50:39 CST" name="testAddToCart" finished-at="2025-02-24T19:50:44 CST" duration-ms="4977" status="PASS">
          <reporter-output>
          </reporter-output>
        </test-method> <!-- testAddToCart -->
        <test-method is-config="true" signature="closeApp()[pri:0, instance:testCases.TC03_AddToCart@1608bcbd]" started-at="2025-02-24T19:50:44 CST" name="closeApp" finished-at="2025-02-24T19:50:48 CST" duration-ms="4282" status="PASS">
          <reporter-output>
          </reporter-output>
        </test-method> <!-- closeApp -->
      </class> <!-- testCases.TC03_AddToCart -->
      <class name="testCases.TC05_AddToWish">
        <test-method is-config="true" signature="openApp(java.lang.String,java.lang.String)[pri:0, instance:testCases.TC05_AddToWish@29ca3d04]" started-at="2025-02-24T19:51:35 CST" name="openApp" finished-at="2025-02-24T19:51:56 CST" duration-ms="21583" status="PASS">
          <params>
            <param index="0">
              <value>
                <![CDATA[windows]]>
              </value>
            </param>
            <param index="1">
              <value>
                <![CDATA[firefox]]>
              </value>
            </param>
          </params>
          <reporter-output>
          </reporter-output>
        </test-method> <!-- openApp -->
        <test-method signature="testAddToWishList()[pri:0, instance:testCases.TC05_AddToWish@29ca3d04]" started-at="2025-02-24T19:51:56 CST" name="testAddToWishList" finished-at="2025-02-24T19:52:02 CST" duration-ms="5177" status="PASS">
          <reporter-output>
          </reporter-output>
        </test-method> <!-- testAddToWishList -->
        <test-method is-config="true" signature="closeApp()[pri:0, instance:testCases.TC05_AddToWish@29ca3d04]" started-at="2025-02-24T19:52:02 CST" name="closeApp" finished-at="2025-02-24T19:52:07 CST" duration-ms="5798" status="PASS">
          <reporter-output>
          </reporter-output>
        </test-method> <!-- closeApp -->
      </class> <!-- testCases.TC05_AddToWish -->
      <class name="testCases.TC06_GifftCertificcate">
        <test-method is-config="true" signature="openApp(java.lang.String,java.lang.String)[pri:0, instance:testCases.TC06_GifftCertificcate@554e218]" started-at="2025-02-24T19:49:56 CST" name="openApp" finished-at="2025-02-24T19:50:14 CST" duration-ms="18115" status="PASS">
          <params>
            <param index="0">
              <value>
                <![CDATA[windows]]>
              </value>
            </param>
            <param index="1">
              <value>
                <![CDATA[firefox]]>
              </value>
            </param>
          </params>
          <reporter-output>
          </reporter-output>
        </test-method> <!-- openApp -->
        <test-method signature="testPurchaseAGiftCertificate()[pri:0, instance:testCases.TC06_GifftCertificcate@554e218]" started-at="2025-02-24T19:50:14 CST" name="testPurchaseAGiftCertificate" finished-at="2025-02-24T19:50:18 CST" duration-ms="3408" status="PASS">
          <reporter-output>
          </reporter-output>
        </test-method> <!-- testPurchaseAGiftCertificate -->
        <test-method is-config="true" signature="closeApp()[pri:0, instance:testCases.TC06_GifftCertificcate@554e218]" started-at="2025-02-24T19:50:18 CST" name="closeApp" finished-at="2025-02-24T19:50:23 CST" duration-ms="4696" status="PASS">
          <reporter-output>
          </reporter-output>
        </test-method> <!-- closeApp -->
      </class> <!-- testCases.TC06_GifftCertificcate -->
      <class name="testCases.TC04_CompletePurchase">
        <test-method is-config="true" signature="openApp(java.lang.String,java.lang.String)[pri:0, instance:testCases.TC04_CompletePurchase@b2c5e07]" started-at="2025-02-24T19:52:07 CST" name="openApp" finished-at="2025-02-24T19:52:25 CST" duration-ms="17578" status="PASS">
          <params>
            <param index="0">
              <value>
                <![CDATA[windows]]>
              </value>
            </param>
            <param index="1">
              <value>
                <![CDATA[firefox]]>
              </value>
            </param>
          </params>
          <reporter-output>
          </reporter-output>
        </test-method> <!-- openApp -->
        <test-method signature="testCompletePurchase()[pri:0, instance:testCases.TC04_CompletePurchase@b2c5e07]" started-at="2025-02-24T19:52:25 CST" name="testCompletePurchase" finished-at="2025-02-24T19:53:40 CST" duration-ms="74722" status="PASS">
          <reporter-output>
          </reporter-output>
        </test-method> <!-- testCompletePurchase -->
        <test-method is-config="true" signature="closeApp()[pri:0, instance:testCases.TC04_CompletePurchase@b2c5e07]" started-at="2025-02-24T19:53:40 CST" name="closeApp" finished-at="2025-02-24T19:53:43 CST" duration-ms="2892" status="PASS">
          <reporter-output>
          </reporter-output>
        </test-method> <!-- closeApp -->
      </class> <!-- testCases.TC04_CompletePurchase -->
    </test> <!-- firefoxTest -->
    <test started-at="2025-02-24T19:49:04 CST" name="chromeTest" finished-at="2025-02-24T19:53:47 CST" duration-ms="283387">
      <class name="testCases.TC02_Login">
        <test-method is-config="true" signature="openApp(java.lang.String,java.lang.String)[pri:0, instance:testCases.TC02_Login@66c92293]" started-at="2025-02-24T19:50:52 CST" name="openApp" finished-at="2025-02-24T19:51:00 CST" duration-ms="8140" status="PASS">
          <params>
            <param index="0">
              <value>
                <![CDATA[windows]]>
              </value>
            </param>
            <param index="1">
              <value>
                <![CDATA[chrome]]>
              </value>
            </param>
          </params>
          <reporter-output>
          </reporter-output>
        </test-method> <!-- openApp -->
        <test-method signature="testLogin(java.lang.String,java.lang.String)[pri:0, instance:testCases.TC02_Login@66c92293]" started-at="2025-02-24T19:51:07 CST" name="testLogin" data-provider="LoginData" finished-at="2025-02-24T19:51:13 CST" duration-ms="6311" status="PASS">
          <params>
            <param index="0">
              <value>
                <![CDATA[goodmorning@gmail.com]]>
              </value>
            </param>
            <param index="1">
              <value>
                <![CDATA[test@1234]]>
              </value>
            </param>
          </params>
          <reporter-output>
          </reporter-output>
        </test-method> <!-- testLogin -->
        <test-method signature="testLogin(java.lang.String,java.lang.String)[pri:0, instance:testCases.TC02_Login@66c92293]" started-at="2025-02-24T19:51:13 CST" name="testLogin" data-provider="LoginData" finished-at="2025-02-24T19:51:18 CST" duration-ms="4778" status="PASS">
          <params>
            <param index="0">
              <value>
                <![CDATA[test121@test.com]]>
              </value>
            </param>
            <param index="1">
              <value>
                <![CDATA[test123]]>
              </value>
            </param>
          </params>
          <reporter-output>
          </reporter-output>
        </test-method> <!-- testLogin -->
        <test-method signature="testLogin(java.lang.String,java.lang.String)[pri:0, instance:testCases.TC02_Login@66c92293]" started-at="2025-02-24T19:51:18 CST" name="testLogin" data-provider="LoginData" finished-at="2025-02-24T19:51:23 CST" duration-ms="5374" status="PASS">
          <params>
            <param index="0">
              <value>
                <![CDATA[sid@cloudberry.services]]>
              </value>
            </param>
            <param index="1">
              <value>
                <![CDATA[Test123]]>
              </value>
            </param>
          </params>
          <reporter-output>
          </reporter-output>
        </test-method> <!-- testLogin -->
        <test-method signature="testLogin(java.lang.String,java.lang.String)[pri:0, instance:testCases.TC02_Login@66c92293]" started-at="2025-02-24T19:51:23 CST" name="testLogin" data-provider="LoginData" finished-at="2025-02-24T19:51:28 CST" duration-ms="4765" status="PASS">
          <params>
            <param index="0">
              <value>
                <![CDATA[otisdog22@yahoo.com]]>
              </value>
            </param>
            <param index="1">
              <value>
                <![CDATA[1234QWERT]]>
              </value>
            </param>
          </params>
          <reporter-output>
          </reporter-output>
        </test-method> <!-- testLogin -->
        <test-method signature="testLogin(java.lang.String,java.lang.String)[pri:0, instance:testCases.TC02_Login@66c92293]" started-at="2025-02-24T19:51:28 CST" name="testLogin" data-provider="LoginData" finished-at="2025-02-24T19:51:32 CST" duration-ms="4379" status="PASS">
          <params>
            <param index="0">
              <value>
                <![CDATA[shalaka.dongre@gmail.com]]>
              </value>
            </param>
            <param index="1">
              <value>
                <![CDATA[Test123!]]>
              </value>
            </param>
          </params>
          <reporter-output>
          </reporter-output>
        </test-method> <!-- testLogin -->
        <test-method is-config="true" signature="closeApp()[pri:0, instance:testCases.TC02_Login@66c92293]" started-at="2025-02-24T19:51:32 CST" name="closeApp" finished-at="2025-02-24T19:51:35 CST" duration-ms="2559" status="PASS">
          <reporter-output>
          </reporter-output>
        </test-method> <!-- closeApp -->
      </class> <!-- testCases.TC02_Login -->
      <class name="testCases.TC01_LaunchApplication">
        <test-method is-config="true" signature="openApp(java.lang.String,java.lang.String)[pri:0, instance:testCases.TC01_LaunchApplication@5ba88be8]" started-at="2025-02-24T19:49:04 CST" name="openApp" finished-at="2025-02-24T19:49:21 CST" duration-ms="16819" status="PASS">
          <params>
            <param index="0">
              <value>
                <![CDATA[windows]]>
              </value>
            </param>
            <param index="1">
              <value>
                <![CDATA[chrome]]>
              </value>
            </param>
          </params>
          <reporter-output>
          </reporter-output>
        </test-method> <!-- openApp -->
        <test-method signature="testLaunchApplication()[pri:0, instance:testCases.TC01_LaunchApplication@5ba88be8]" started-at="2025-02-24T19:49:21 CST" name="testLaunchApplication" finished-at="2025-02-24T19:49:25 CST" duration-ms="3820" status="PASS">
          <reporter-output>
          </reporter-output>
        </test-method> <!-- testLaunchApplication -->
        <test-method is-config="true" signature="closeApp()[pri:0, instance:testCases.TC01_LaunchApplication@5ba88be8]" started-at="2025-02-24T19:49:25 CST" name="closeApp" finished-at="2025-02-24T19:49:39 CST" duration-ms="14302" status="PASS">
          <reporter-output>
          </reporter-output>
        </test-method> <!-- closeApp -->
      </class> <!-- testCases.TC01_LaunchApplication -->
      <class name="testCases.TC03_AddToCart">
        <test-method is-config="true" signature="openApp(java.lang.String,java.lang.String)[pri:0, instance:testCases.TC03_AddToCart@30e868be]" started-at="2025-02-24T19:50:18 CST" name="openApp" finished-at="2025-02-24T19:50:25 CST" duration-ms="6509" status="PASS">
          <params>
            <param index="0">
              <value>
                <![CDATA[windows]]>
              </value>
            </param>
            <param index="1">
              <value>
                <![CDATA[chrome]]>
              </value>
            </param>
          </params>
          <reporter-output>
          </reporter-output>
        </test-method> <!-- openApp -->
        <test-method signature="testAddToCart()[pri:0, instance:testCases.TC03_AddToCart@30e868be]" started-at="2025-02-24T19:50:25 CST" name="testAddToCart" finished-at="2025-02-24T19:50:33 CST" duration-ms="8011" status="PASS">
          <reporter-output>
          </reporter-output>
        </test-method> <!-- testAddToCart -->
        <test-method is-config="true" signature="closeApp()[pri:0, instance:testCases.TC03_AddToCart@30e868be]" started-at="2025-02-24T19:50:33 CST" name="closeApp" finished-at="2025-02-24T19:50:52 CST" duration-ms="19491" status="PASS">
          <reporter-output>
          </reporter-output>
        </test-method> <!-- closeApp -->
      </class> <!-- testCases.TC03_AddToCart -->
      <class name="testCases.TC05_AddToWish">
        <test-method is-config="true" signature="openApp(java.lang.String,java.lang.String)[pri:0, instance:testCases.TC05_AddToWish@332796d3]" started-at="2025-02-24T19:51:35 CST" name="openApp" finished-at="2025-02-24T19:51:43 CST" duration-ms="8096" status="PASS">
          <params>
            <param index="0">
              <value>
                <![CDATA[windows]]>
              </value>
            </param>
            <param index="1">
              <value>
                <![CDATA[chrome]]>
              </value>
            </param>
          </params>
          <reporter-output>
          </reporter-output>
        </test-method> <!-- openApp -->
        <test-method signature="testAddToWishList()[pri:0, instance:testCases.TC05_AddToWish@332796d3]" started-at="2025-02-24T19:51:43 CST" name="testAddToWishList" finished-at="2025-02-24T19:52:00 CST" duration-ms="16736" status="PASS">
          <reporter-output>
          </reporter-output>
        </test-method> <!-- testAddToWishList -->
        <test-method is-config="true" signature="closeApp()[pri:0, instance:testCases.TC05_AddToWish@332796d3]" started-at="2025-02-24T19:52:00 CST" name="closeApp" finished-at="2025-02-24T19:52:14 CST" duration-ms="14174" status="PASS">
          <reporter-output>
          </reporter-output>
        </test-method> <!-- closeApp -->
      </class> <!-- testCases.TC05_AddToWish -->
      <class name="testCases.TC06_GifftCertificcate">
        <test-method is-config="true" signature="openApp(java.lang.String,java.lang.String)[pri:0, instance:testCases.TC06_GifftCertificcate@38089a5a]" started-at="2025-02-24T19:49:39 CST" name="openApp" finished-at="2025-02-24T19:49:49 CST" duration-ms="10044" status="PASS">
          <params>
            <param index="0">
              <value>
                <![CDATA[windows]]>
              </value>
            </param>
            <param index="1">
              <value>
                <![CDATA[chrome]]>
              </value>
            </param>
          </params>
          <reporter-output>
          </reporter-output>
        </test-method> <!-- openApp -->
        <test-method signature="testPurchaseAGiftCertificate()[pri:0, instance:testCases.TC06_GifftCertificcate@38089a5a]" started-at="2025-02-24T19:49:49 CST" name="testPurchaseAGiftCertificate" finished-at="2025-02-24T19:49:57 CST" duration-ms="7243" status="PASS">
          <reporter-output>
          </reporter-output>
        </test-method> <!-- testPurchaseAGiftCertificate -->
        <test-method is-config="true" signature="closeApp()[pri:0, instance:testCases.TC06_GifftCertificcate@38089a5a]" started-at="2025-02-24T19:49:57 CST" name="closeApp" finished-at="2025-02-24T19:50:18 CST" duration-ms="21482" status="PASS">
          <reporter-output>
          </reporter-output>
        </test-method> <!-- closeApp -->
      </class> <!-- testCases.TC06_GifftCertificcate -->
      <class name="testCases.TC04_CompletePurchase">
        <test-method is-config="true" signature="openApp(java.lang.String,java.lang.String)[pri:0, instance:testCases.TC04_CompletePurchase@4f0100a7]" started-at="2025-02-24T19:52:14 CST" name="openApp" finished-at="2025-02-24T19:52:22 CST" duration-ms="8463" status="PASS">
          <params>
            <param index="0">
              <value>
                <![CDATA[windows]]>
              </value>
            </param>
            <param index="1">
              <value>
                <![CDATA[chrome]]>
              </value>
            </param>
          </params>
          <reporter-output>
          </reporter-output>
        </test-method> <!-- openApp -->
        <test-method signature="testCompletePurchase()[pri:0, instance:testCases.TC04_CompletePurchase@4f0100a7]" started-at="2025-02-24T19:52:22 CST" name="testCompletePurchase" finished-at="2025-02-24T19:53:47 CST" duration-ms="84286" status="PASS">
          <reporter-output>
          </reporter-output>
        </test-method> <!-- testCompletePurchase -->
        <test-method is-config="true" signature="closeApp()[pri:0, instance:testCases.TC04_CompletePurchase@4f0100a7]" started-at="2025-02-24T19:53:47 CST" name="closeApp" finished-at="2025-02-24T19:53:47 CST" duration-ms="579" status="PASS">
          <reporter-output>
          </reporter-output>
        </test-method> <!-- closeApp -->
      </class> <!-- testCases.TC04_CompletePurchase -->
    </test> <!-- chromeTest -->
    <test started-at="2025-02-24T19:49:04 CST" name="edgeTest" finished-at="2025-02-24T19:54:27 CST" duration-ms="323542">
      <class name="testCases.TC02_Login">
        <test-method is-config="true" signature="openApp(java.lang.String,java.lang.String)[pri:0, instance:testCases.TC02_Login@39a2bb97]" started-at="2025-02-24T19:51:36 CST" name="openApp" finished-at="2025-02-24T19:51:47 CST" duration-ms="11428" status="PASS">
          <params>
            <param index="0">
              <value>
                <![CDATA[windows]]>
              </value>
            </param>
            <param index="1">
              <value>
                <![CDATA[edge]]>
              </value>
            </param>
          </params>
          <reporter-output>
          </reporter-output>
        </test-method> <!-- openApp -->
        <test-method signature="testLogin(java.lang.String,java.lang.String)[pri:0, instance:testCases.TC02_Login@39a2bb97]" started-at="2025-02-24T19:51:51 CST" name="testLogin" data-provider="LoginData" finished-at="2025-02-24T19:52:02 CST" duration-ms="11665" status="PASS">
          <params>
            <param index="0">
              <value>
                <![CDATA[goodmorning@gmail.com]]>
              </value>
            </param>
            <param index="1">
              <value>
                <![CDATA[test@1234]]>
              </value>
            </param>
          </params>
          <reporter-output>
          </reporter-output>
        </test-method> <!-- testLogin -->
        <test-method signature="testLogin(java.lang.String,java.lang.String)[pri:0, instance:testCases.TC02_Login@39a2bb97]" started-at="2025-02-24T19:52:02 CST" name="testLogin" data-provider="LoginData" finished-at="2025-02-24T19:52:07 CST" duration-ms="4802" status="PASS">
          <params>
            <param index="0">
              <value>
                <![CDATA[test121@test.com]]>
              </value>
            </param>
            <param index="1">
              <value>
                <![CDATA[test123]]>
              </value>
            </param>
          </params>
          <reporter-output>
          </reporter-output>
        </test-method> <!-- testLogin -->
        <test-method signature="testLogin(java.lang.String,java.lang.String)[pri:0, instance:testCases.TC02_Login@39a2bb97]" started-at="2025-02-24T19:52:07 CST" name="testLogin" data-provider="LoginData" finished-at="2025-02-24T19:52:12 CST" duration-ms="4751" status="PASS">
          <params>
            <param index="0">
              <value>
                <![CDATA[sid@cloudberry.services]]>
              </value>
            </param>
            <param index="1">
              <value>
                <![CDATA[Test123]]>
              </value>
            </param>
          </params>
          <reporter-output>
          </reporter-output>
        </test-method> <!-- testLogin -->
        <test-method signature="testLogin(java.lang.String,java.lang.String)[pri:0, instance:testCases.TC02_Login@39a2bb97]" started-at="2025-02-24T19:52:12 CST" name="testLogin" data-provider="LoginData" finished-at="2025-02-24T19:52:19 CST" duration-ms="6815" status="PASS">
          <params>
            <param index="0">
              <value>
                <![CDATA[otisdog22@yahoo.com]]>
              </value>
            </param>
            <param index="1">
              <value>
                <![CDATA[1234QWERT]]>
              </value>
            </param>
          </params>
          <reporter-output>
          </reporter-output>
        </test-method> <!-- testLogin -->
        <test-method signature="testLogin(java.lang.String,java.lang.String)[pri:0, instance:testCases.TC02_Login@39a2bb97]" started-at="2025-02-24T19:52:19 CST" name="testLogin" data-provider="LoginData" finished-at="2025-02-24T19:52:33 CST" duration-ms="14520" status="PASS">
          <params>
            <param index="0">
              <value>
                <![CDATA[shalaka.dongre@gmail.com]]>
              </value>
            </param>
            <param index="1">
              <value>
                <![CDATA[Test123!]]>
              </value>
            </param>
          </params>
          <reporter-output>
          </reporter-output>
        </test-method> <!-- testLogin -->
        <test-method is-config="true" signature="closeApp()[pri:0, instance:testCases.TC02_Login@39a2bb97]" started-at="2025-02-24T19:52:33 CST" name="closeApp" finished-at="2025-02-24T19:52:43 CST" duration-ms="9660" status="PASS">
          <reporter-output>
          </reporter-output>
        </test-method> <!-- closeApp -->
      </class> <!-- testCases.TC02_Login -->
      <class name="testCases.TC01_LaunchApplication">
        <test-method is-config="true" signature="openApp(java.lang.String,java.lang.String)[pri:0, instance:testCases.TC01_LaunchApplication@7749bf93]" started-at="2025-02-24T19:49:04 CST" name="openApp" finished-at="2025-02-24T19:49:37 CST" duration-ms="32992" status="PASS">
          <params>
            <param index="0">
              <value>
                <![CDATA[windows]]>
              </value>
            </param>
            <param index="1">
              <value>
                <![CDATA[edge]]>
              </value>
            </param>
          </params>
          <reporter-output>
          </reporter-output>
        </test-method> <!-- openApp -->
        <test-method signature="testLaunchApplication()[pri:0, instance:testCases.TC01_LaunchApplication@7749bf93]" started-at="2025-02-24T19:49:37 CST" name="testLaunchApplication" finished-at="2025-02-24T19:49:38 CST" duration-ms="933" status="PASS">
          <reporter-output>
          </reporter-output>
        </test-method> <!-- testLaunchApplication -->
        <test-method is-config="true" signature="closeApp()[pri:0, instance:testCases.TC01_LaunchApplication@7749bf93]" started-at="2025-02-24T19:49:38 CST" name="closeApp" finished-at="2025-02-24T19:49:52 CST" duration-ms="13664" status="PASS">
          <reporter-output>
          </reporter-output>
        </test-method> <!-- closeApp -->
      </class> <!-- testCases.TC01_LaunchApplication -->
      <class name="testCases.TC03_AddToCart">
        <test-method is-config="true" signature="openApp(java.lang.String,java.lang.String)[pri:0, instance:testCases.TC03_AddToCart@539d019]" started-at="2025-02-24T19:50:29 CST" name="openApp" finished-at="2025-02-24T19:50:42 CST" duration-ms="12148" status="PASS">
          <params>
            <param index="0">
              <value>
                <![CDATA[windows]]>
              </value>
            </param>
            <param index="1">
              <value>
                <![CDATA[edge]]>
              </value>
            </param>
          </params>
          <reporter-output>
          </reporter-output>
        </test-method> <!-- openApp -->
        <test-method signature="testAddToCart()[pri:0, instance:testCases.TC03_AddToCart@539d019]" started-at="2025-02-24T19:50:42 CST" name="testAddToCart" finished-at="2025-02-24T19:50:47 CST" duration-ms="5864" status="PASS">
          <reporter-output>
          </reporter-output>
        </test-method> <!-- testAddToCart -->
        <test-method is-config="true" signature="closeApp()[pri:0, instance:testCases.TC03_AddToCart@539d019]" started-at="2025-02-24T19:50:47 CST" name="closeApp" finished-at="2025-02-24T19:51:36 CST" duration-ms="48433" status="PASS">
          <reporter-output>
          </reporter-output>
        </test-method> <!-- closeApp -->
      </class> <!-- testCases.TC03_AddToCart -->
      <class name="testCases.TC05_AddToWish">
        <test-method is-config="true" signature="openApp(java.lang.String,java.lang.String)[pri:0, instance:testCases.TC05_AddToWish@3ad2e17]" started-at="2025-02-24T19:52:43 CST" name="openApp" finished-at="2025-02-24T19:52:53 CST" duration-ms="10015" status="PASS">
          <params>
            <param index="0">
              <value>
                <![CDATA[windows]]>
              </value>
            </param>
            <param index="1">
              <value>
                <![CDATA[edge]]>
              </value>
            </param>
          </params>
          <reporter-output>
          </reporter-output>
        </test-method> <!-- openApp -->
        <test-method signature="testAddToWishList()[pri:0, instance:testCases.TC05_AddToWish@3ad2e17]" started-at="2025-02-24T19:52:53 CST" name="testAddToWishList" finished-at="2025-02-24T19:53:00 CST" duration-ms="6676" status="PASS">
          <reporter-output>
          </reporter-output>
        </test-method> <!-- testAddToWishList -->
        <test-method is-config="true" signature="closeApp()[pri:0, instance:testCases.TC05_AddToWish@3ad2e17]" started-at="2025-02-24T19:53:00 CST" name="closeApp" finished-at="2025-02-24T19:53:04 CST" duration-ms="4813" status="PASS">
          <reporter-output>
          </reporter-output>
        </test-method> <!-- closeApp -->
      </class> <!-- testCases.TC05_AddToWish -->
      <class name="testCases.TC06_GifftCertificcate">
        <test-method is-config="true" signature="openApp(java.lang.String,java.lang.String)[pri:0, instance:testCases.TC06_GifftCertificcate@13330ac6]" started-at="2025-02-24T19:49:52 CST" name="openApp" finished-at="2025-02-24T19:50:00 CST" duration-ms="8515" status="PASS">
          <params>
            <param index="0">
              <value>
                <![CDATA[windows]]>
              </value>
            </param>
            <param index="1">
              <value>
                <![CDATA[edge]]>
              </value>
            </param>
          </params>
          <reporter-output>
          </reporter-output>
        </test-method> <!-- openApp -->
        <test-method signature="testPurchaseAGiftCertificate()[pri:0, instance:testCases.TC06_GifftCertificcate@13330ac6]" started-at="2025-02-24T19:50:00 CST" name="testPurchaseAGiftCertificate" finished-at="2025-02-24T19:50:06 CST" duration-ms="5478" status="PASS">
          <reporter-output>
          </reporter-output>
        </test-method> <!-- testPurchaseAGiftCertificate -->
        <test-method is-config="true" signature="closeApp()[pri:0, instance:testCases.TC06_GifftCertificcate@13330ac6]" started-at="2025-02-24T19:50:06 CST" name="closeApp" finished-at="2025-02-24T19:50:29 CST" duration-ms="23551" status="PASS">
          <reporter-output>
          </reporter-output>
        </test-method> <!-- closeApp -->
      </class> <!-- testCases.TC06_GifftCertificcate -->
      <class name="testCases.TC04_CompletePurchase">
        <test-method is-config="true" signature="openApp(java.lang.String,java.lang.String)[pri:0, instance:testCases.TC04_CompletePurchase@8c3619e]" started-at="2025-02-24T19:53:04 CST" name="openApp" finished-at="2025-02-24T19:53:10 CST" duration-ms="5969" status="PASS">
          <params>
            <param index="0">
              <value>
                <![CDATA[windows]]>
              </value>
            </param>
            <param index="1">
              <value>
                <![CDATA[edge]]>
              </value>
            </param>
          </params>
          <reporter-output>
          </reporter-output>
        </test-method> <!-- openApp -->
        <test-method signature="testCompletePurchase()[pri:0, instance:testCases.TC04_CompletePurchase@8c3619e]" started-at="2025-02-24T19:53:10 CST" name="testCompletePurchase" finished-at="2025-02-24T19:54:25 CST" duration-ms="74868" status="PASS">
          <reporter-output>
          </reporter-output>
        </test-method> <!-- testCompletePurchase -->
        <test-method is-config="true" signature="closeApp()[pri:0, instance:testCases.TC04_CompletePurchase@8c3619e]" started-at="2025-02-24T19:54:25 CST" name="closeApp" finished-at="2025-02-24T19:54:27 CST" duration-ms="2057" status="PASS">
          <reporter-output>
          </reporter-output>
        </test-method> <!-- closeApp -->
      </class> <!-- testCases.TC04_CompletePurchase -->
    </test> <!-- edgeTest -->
  </suite> <!-- Suite -->
</testng-results>
