<?xml version="1.0" encoding="UTF-8"?>
<testng-results ignored="0" total="30" passed="30" failed="0" skipped="0">
  <reporter-output>
  </reporter-output>
  <suite started-at="2025-02-14T10:04:36 CST" name="Suite" finished-at="2025-02-14T10:08:16 CST" duration-ms="219232">
    <groups>
      <group name="datadriven">
        <method signature="TC02_Login.testLogin(java.lang.String,java.lang.String)[pri:0, instance:testCases.TC02_Login@497486b3]" name="testLogin" class="testCases.TC02_Login"/>
        <method signature="TC02_Login.testLogin(java.lang.String,java.lang.String)[pri:0, instance:testCases.TC02_Login@5ef6ae06]" name="testLogin" class="testCases.TC02_Login"/>
        <method signature="TC02_Login.testLogin(java.lang.String,java.lang.String)[pri:0, instance:testCases.TC02_Login@604f2bd2]" name="testLogin" class="testCases.TC02_Login"/>
      </group> <!-- datadriven -->
      <group name="regression">
        <method signature="TC01_LaunchApplication.testLaunchApplication()[pri:0, instance:testCases.TC01_LaunchApplication@737a135b]" name="testLaunchApplication" class="testCases.TC01_LaunchApplication"/>
        <method signature="TC02_Login.testLogin(java.lang.String,java.lang.String)[pri:0, instance:testCases.TC02_Login@497486b3]" name="testLogin" class="testCases.TC02_Login"/>
        <method signature="TC03_AddToCart.testAddToCart()[pri:0, instance:testCases.TC03_AddToCart@4ce7fffa]" name="testAddToCart" class="testCases.TC03_AddToCart"/>
        <method signature="TC04_CompletePurchase.testCompletePurchase()[pri:0, instance:testCases.TC04_CompletePurchase@75f95314]" name="testCompletePurchase" class="testCases.TC04_CompletePurchase"/>
        <method signature="TC05_AddToWish.testAddToWishList()[pri:0, instance:testCases.TC05_AddToWish@63f8276e]" name="testAddToWishList" class="testCases.TC05_AddToWish"/>
        <method signature="TC06_GifftCertificcate.testPurchaseAGiftCertificate()[pri:0, instance:testCases.TC06_GifftCertificcate@736caf7a]" name="testPurchaseAGiftCertificate" class="testCases.TC06_GifftCertificcate"/>
        <method signature="TC01_LaunchApplication.testLaunchApplication()[pri:0, instance:testCases.TC01_LaunchApplication@f80945f]" name="testLaunchApplication" class="testCases.TC01_LaunchApplication"/>
        <method signature="TC02_Login.testLogin(java.lang.String,java.lang.String)[pri:0, instance:testCases.TC02_Login@5ef6ae06]" name="testLogin" class="testCases.TC02_Login"/>
        <method signature="TC03_AddToCart.testAddToCart()[pri:0, instance:testCases.TC03_AddToCart@23aa363a]" name="testAddToCart" class="testCases.TC03_AddToCart"/>
        <method signature="TC04_CompletePurchase.testCompletePurchase()[pri:0, instance:testCases.TC04_CompletePurchase@6e35bc3d]" name="testCompletePurchase" class="testCases.TC04_CompletePurchase"/>
        <method signature="TC05_AddToWish.testAddToWishList()[pri:0, instance:testCases.TC05_AddToWish@55dfebeb]" name="testAddToWishList" class="testCases.TC05_AddToWish"/>
        <method signature="TC06_GifftCertificcate.testPurchaseAGiftCertificate()[pri:0, instance:testCases.TC06_GifftCertificcate@ff684e1]" name="testPurchaseAGiftCertificate" class="testCases.TC06_GifftCertificcate"/>
        <method signature="TC01_LaunchApplication.testLaunchApplication()[pri:0, instance:testCases.TC01_LaunchApplication@77b14724]" name="testLaunchApplication" class="testCases.TC01_LaunchApplication"/>
        <method signature="TC02_Login.testLogin(java.lang.String,java.lang.String)[pri:0, instance:testCases.TC02_Login@604f2bd2]" name="testLogin" class="testCases.TC02_Login"/>
        <method signature="TC03_AddToCart.testAddToCart()[pri:0, instance:testCases.TC03_AddToCart@1e8ce150]" name="testAddToCart" class="testCases.TC03_AddToCart"/>
        <method signature="TC04_CompletePurchase.testCompletePurchase()[pri:0, instance:testCases.TC04_CompletePurchase@1b73be9f]" name="testCompletePurchase" class="testCases.TC04_CompletePurchase"/>
        <method signature="TC05_AddToWish.testAddToWishList()[pri:0, instance:testCases.TC05_AddToWish@1d3ac898]" name="testAddToWishList" class="testCases.TC05_AddToWish"/>
        <method signature="TC06_GifftCertificcate.testPurchaseAGiftCertificate()[pri:0, instance:testCases.TC06_GifftCertificcate@5d9b7a8a]" name="testPurchaseAGiftCertificate" class="testCases.TC06_GifftCertificcate"/>
      </group> <!-- regression -->
      <group name="smoke">
        <method signature="TC01_LaunchApplication.testLaunchApplication()[pri:0, instance:testCases.TC01_LaunchApplication@737a135b]" name="testLaunchApplication" class="testCases.TC01_LaunchApplication"/>
        <method signature="TC02_Login.testLogin(java.lang.String,java.lang.String)[pri:0, instance:testCases.TC02_Login@497486b3]" name="testLogin" class="testCases.TC02_Login"/>
        <method signature="TC03_AddToCart.testAddToCart()[pri:0, instance:testCases.TC03_AddToCart@4ce7fffa]" name="testAddToCart" class="testCases.TC03_AddToCart"/>
        <method signature="TC04_CompletePurchase.testCompletePurchase()[pri:0, instance:testCases.TC04_CompletePurchase@75f95314]" name="testCompletePurchase" class="testCases.TC04_CompletePurchase"/>
        <method signature="TC01_LaunchApplication.testLaunchApplication()[pri:0, instance:testCases.TC01_LaunchApplication@f80945f]" name="testLaunchApplication" class="testCases.TC01_LaunchApplication"/>
        <method signature="TC02_Login.testLogin(java.lang.String,java.lang.String)[pri:0, instance:testCases.TC02_Login@5ef6ae06]" name="testLogin" class="testCases.TC02_Login"/>
        <method signature="TC03_AddToCart.testAddToCart()[pri:0, instance:testCases.TC03_AddToCart@23aa363a]" name="testAddToCart" class="testCases.TC03_AddToCart"/>
        <method signature="TC04_CompletePurchase.testCompletePurchase()[pri:0, instance:testCases.TC04_CompletePurchase@6e35bc3d]" name="testCompletePurchase" class="testCases.TC04_CompletePurchase"/>
        <method signature="TC01_LaunchApplication.testLaunchApplication()[pri:0, instance:testCases.TC01_LaunchApplication@77b14724]" name="testLaunchApplication" class="testCases.TC01_LaunchApplication"/>
        <method signature="TC02_Login.testLogin(java.lang.String,java.lang.String)[pri:0, instance:testCases.TC02_Login@604f2bd2]" name="testLogin" class="testCases.TC02_Login"/>
        <method signature="TC03_AddToCart.testAddToCart()[pri:0, instance:testCases.TC03_AddToCart@1e8ce150]" name="testAddToCart" class="testCases.TC03_AddToCart"/>
        <method signature="TC04_CompletePurchase.testCompletePurchase()[pri:0, instance:testCases.TC04_CompletePurchase@1b73be9f]" name="testCompletePurchase" class="testCases.TC04_CompletePurchase"/>
      </group> <!-- smoke -->
    </groups>
    <test started-at="2025-02-14T10:04:36 CST" name="chromeTest" finished-at="2025-02-14T10:07:59 CST" duration-ms="202490">
      <class name="testCases.TC02_Login">
        <test-method is-config="true" signature="openApp(java.lang.String,java.lang.String)[pri:0, instance:testCases.TC02_Login@497486b3]" started-at="2025-02-14T10:05:28 CST" name="openApp" finished-at="2025-02-14T10:05:34 CST" duration-ms="6488" status="PASS">
          <params>
            <param index="0">
              <value>
                <![CDATA[windows]]>
              </value>
            </param>
            <param index="1">
              <value>
                <![CDATA[chrome]]>
              </value>
            </param>
          </params>
          <reporter-output>
          </reporter-output>
        </test-method> <!-- openApp -->
        <test-method signature="testLogin(java.lang.String,java.lang.String)[pri:0, instance:testCases.TC02_Login@497486b3]" started-at="2025-02-14T10:05:39 CST" name="testLogin" data-provider="LoginData" finished-at="2025-02-14T10:05:48 CST" duration-ms="8405" status="PASS">
          <params>
            <param index="0">
              <value>
                <![CDATA[goodmorning@gmail.com]]>
              </value>
            </param>
            <param index="1">
              <value>
                <![CDATA[test@1234]]>
              </value>
            </param>
          </params>
          <reporter-output>
          </reporter-output>
        </test-method> <!-- testLogin -->
        <test-method signature="testLogin(java.lang.String,java.lang.String)[pri:0, instance:testCases.TC02_Login@497486b3]" started-at="2025-02-14T10:05:48 CST" name="testLogin" data-provider="LoginData" finished-at="2025-02-14T10:05:53 CST" duration-ms="5113" status="PASS">
          <params>
            <param index="0">
              <value>
                <![CDATA[test121@test.com]]>
              </value>
            </param>
            <param index="1">
              <value>
                <![CDATA[test123]]>
              </value>
            </param>
          </params>
          <reporter-output>
          </reporter-output>
        </test-method> <!-- testLogin -->
        <test-method signature="testLogin(java.lang.String,java.lang.String)[pri:0, instance:testCases.TC02_Login@497486b3]" started-at="2025-02-14T10:05:53 CST" name="testLogin" data-provider="LoginData" finished-at="2025-02-14T10:05:58 CST" duration-ms="5061" status="PASS">
          <params>
            <param index="0">
              <value>
                <![CDATA[sid@cloudberry.services]]>
              </value>
            </param>
            <param index="1">
              <value>
                <![CDATA[Test123]]>
              </value>
            </param>
          </params>
          <reporter-output>
          </reporter-output>
        </test-method> <!-- testLogin -->
        <test-method signature="testLogin(java.lang.String,java.lang.String)[pri:0, instance:testCases.TC02_Login@497486b3]" started-at="2025-02-14T10:05:58 CST" name="testLogin" data-provider="LoginData" finished-at="2025-02-14T10:06:09 CST" duration-ms="11096" status="PASS">
          <params>
            <param index="0">
              <value>
                <![CDATA[otisdog22@yahoo.com]]>
              </value>
            </param>
            <param index="1">
              <value>
                <![CDATA[1234QWERT]]>
              </value>
            </param>
          </params>
          <reporter-output>
          </reporter-output>
        </test-method> <!-- testLogin -->
        <test-method signature="testLogin(java.lang.String,java.lang.String)[pri:0, instance:testCases.TC02_Login@497486b3]" started-at="2025-02-14T10:06:09 CST" name="testLogin" data-provider="LoginData" finished-at="2025-02-14T10:06:14 CST" duration-ms="4741" status="PASS">
          <params>
            <param index="0">
              <value>
                <![CDATA[shalaka.dongre@gmail.com]]>
              </value>
            </param>
            <param index="1">
              <value>
                <![CDATA[Test123!]]>
              </value>
            </param>
          </params>
          <reporter-output>
          </reporter-output>
        </test-method> <!-- testLogin -->
        <test-method is-config="true" signature="closeApp()[pri:0, instance:testCases.TC02_Login@497486b3]" started-at="2025-02-14T10:06:14 CST" name="closeApp" finished-at="2025-02-14T10:06:15 CST" duration-ms="1018" status="PASS">
          <reporter-output>
          </reporter-output>
        </test-method> <!-- closeApp -->
      </class> <!-- testCases.TC02_Login -->
      <class name="testCases.TC01_LaunchApplication">
        <test-method is-config="true" signature="openApp(java.lang.String,java.lang.String)[pri:0, instance:testCases.TC01_LaunchApplication@737a135b]" started-at="2025-02-14T10:04:37 CST" name="openApp" finished-at="2025-02-14T10:04:49 CST" duration-ms="12450" status="PASS">
          <params>
            <param index="0">
              <value>
                <![CDATA[windows]]>
              </value>
            </param>
            <param index="1">
              <value>
                <![CDATA[chrome]]>
              </value>
            </param>
          </params>
          <reporter-output>
          </reporter-output>
        </test-method> <!-- openApp -->
        <test-method signature="testLaunchApplication()[pri:0, instance:testCases.TC01_LaunchApplication@737a135b]" started-at="2025-02-14T10:04:49 CST" name="testLaunchApplication" finished-at="2025-02-14T10:04:50 CST" duration-ms="867" status="PASS">
          <reporter-output>
          </reporter-output>
        </test-method> <!-- testLaunchApplication -->
        <test-method is-config="true" signature="closeApp()[pri:0, instance:testCases.TC01_LaunchApplication@737a135b]" started-at="2025-02-14T10:04:50 CST" name="closeApp" finished-at="2025-02-14T10:04:52 CST" duration-ms="2073" status="PASS">
          <reporter-output>
          </reporter-output>
        </test-method> <!-- closeApp -->
      </class> <!-- testCases.TC01_LaunchApplication -->
      <class name="testCases.TC03_AddToCart">
        <test-method is-config="true" signature="openApp(java.lang.String,java.lang.String)[pri:0, instance:testCases.TC03_AddToCart@4ce7fffa]" started-at="2025-02-14T10:05:09 CST" name="openApp" finished-at="2025-02-14T10:05:15 CST" duration-ms="5585" status="PASS">
          <params>
            <param index="0">
              <value>
                <![CDATA[windows]]>
              </value>
            </param>
            <param index="1">
              <value>
                <![CDATA[chrome]]>
              </value>
            </param>
          </params>
          <reporter-output>
          </reporter-output>
        </test-method> <!-- openApp -->
        <test-method signature="testAddToCart()[pri:0, instance:testCases.TC03_AddToCart@4ce7fffa]" started-at="2025-02-14T10:05:15 CST" name="testAddToCart" finished-at="2025-02-14T10:05:27 CST" duration-ms="12085" status="PASS">
          <reporter-output>
          </reporter-output>
        </test-method> <!-- testAddToCart -->
        <test-method is-config="true" signature="closeApp()[pri:0, instance:testCases.TC03_AddToCart@4ce7fffa]" started-at="2025-02-14T10:05:27 CST" name="closeApp" finished-at="2025-02-14T10:05:28 CST" duration-ms="711" status="PASS">
          <reporter-output>
          </reporter-output>
        </test-method> <!-- closeApp -->
      </class> <!-- testCases.TC03_AddToCart -->
      <class name="testCases.TC05_AddToWish">
        <test-method is-config="true" signature="openApp(java.lang.String,java.lang.String)[pri:0, instance:testCases.TC05_AddToWish@63f8276e]" started-at="2025-02-14T10:06:15 CST" name="openApp" finished-at="2025-02-14T10:06:21 CST" duration-ms="6142" status="PASS">
          <params>
            <param index="0">
              <value>
                <![CDATA[windows]]>
              </value>
            </param>
            <param index="1">
              <value>
                <![CDATA[chrome]]>
              </value>
            </param>
          </params>
          <reporter-output>
          </reporter-output>
        </test-method> <!-- openApp -->
        <test-method signature="testAddToWishList()[pri:0, instance:testCases.TC05_AddToWish@63f8276e]" started-at="2025-02-14T10:06:21 CST" name="testAddToWishList" finished-at="2025-02-14T10:06:25 CST" duration-ms="4261" status="PASS">
          <reporter-output>
          </reporter-output>
        </test-method> <!-- testAddToWishList -->
        <test-method is-config="true" signature="closeApp()[pri:0, instance:testCases.TC05_AddToWish@63f8276e]" started-at="2025-02-14T10:06:25 CST" name="closeApp" finished-at="2025-02-14T10:06:29 CST" duration-ms="3484" status="PASS">
          <reporter-output>
          </reporter-output>
        </test-method> <!-- closeApp -->
      </class> <!-- testCases.TC05_AddToWish -->
      <class name="testCases.TC06_GifftCertificcate">
        <test-method is-config="true" signature="openApp(java.lang.String,java.lang.String)[pri:0, instance:testCases.TC06_GifftCertificcate@736caf7a]" started-at="2025-02-14T10:04:52 CST" name="openApp" finished-at="2025-02-14T10:05:02 CST" duration-ms="9703" status="PASS">
          <params>
            <param index="0">
              <value>
                <![CDATA[windows]]>
              </value>
            </param>
            <param index="1">
              <value>
                <![CDATA[chrome]]>
              </value>
            </param>
          </params>
          <reporter-output>
          </reporter-output>
        </test-method> <!-- openApp -->
        <test-method signature="testPurchaseAGiftCertificate()[pri:0, instance:testCases.TC06_GifftCertificcate@736caf7a]" started-at="2025-02-14T10:05:02 CST" name="testPurchaseAGiftCertificate" finished-at="2025-02-14T10:05:09 CST" duration-ms="6875" status="PASS">
          <reporter-output>
          </reporter-output>
        </test-method> <!-- testPurchaseAGiftCertificate -->
        <test-method is-config="true" signature="closeApp()[pri:0, instance:testCases.TC06_GifftCertificcate@736caf7a]" started-at="2025-02-14T10:05:09 CST" name="closeApp" finished-at="2025-02-14T10:05:09 CST" duration-ms="416" status="PASS">
          <reporter-output>
          </reporter-output>
        </test-method> <!-- closeApp -->
      </class> <!-- testCases.TC06_GifftCertificcate -->
      <class name="testCases.TC04_CompletePurchase">
        <test-method is-config="true" signature="openApp(java.lang.String,java.lang.String)[pri:0, instance:testCases.TC04_CompletePurchase@75f95314]" started-at="2025-02-14T10:06:29 CST" name="openApp" finished-at="2025-02-14T10:06:36 CST" duration-ms="7197" status="PASS">
          <params>
            <param index="0">
              <value>
                <![CDATA[windows]]>
              </value>
            </param>
            <param index="1">
              <value>
                <![CDATA[chrome]]>
              </value>
            </param>
          </params>
          <reporter-output>
          </reporter-output>
        </test-method> <!-- openApp -->
        <test-method signature="testCompletePurchase()[pri:0, instance:testCases.TC04_CompletePurchase@75f95314]" started-at="2025-02-14T10:06:36 CST" name="testCompletePurchase" finished-at="2025-02-14T10:07:58 CST" duration-ms="82494" status="PASS">
          <reporter-output>
          </reporter-output>
        </test-method> <!-- testCompletePurchase -->
        <test-method is-config="true" signature="closeApp()[pri:0, instance:testCases.TC04_CompletePurchase@75f95314]" started-at="2025-02-14T10:07:58 CST" name="closeApp" finished-at="2025-02-14T10:07:59 CST" duration-ms="372" status="PASS">
          <reporter-output>
          </reporter-output>
        </test-method> <!-- closeApp -->
      </class> <!-- testCases.TC04_CompletePurchase -->
    </test> <!-- chromeTest -->
    <test started-at="2025-02-14T10:04:36 CST" name="edgeTest" finished-at="2025-02-14T10:08:06 CST" duration-ms="209844">
      <class name="testCases.TC02_Login">
        <test-method is-config="true" signature="openApp(java.lang.String,java.lang.String)[pri:0, instance:testCases.TC02_Login@5ef6ae06]" started-at="2025-02-14T10:05:34 CST" name="openApp" finished-at="2025-02-14T10:05:48 CST" duration-ms="13689" status="PASS">
          <params>
            <param index="0">
              <value>
                <![CDATA[windows]]>
              </value>
            </param>
            <param index="1">
              <value>
                <![CDATA[edge]]>
              </value>
            </param>
          </params>
          <reporter-output>
          </reporter-output>
        </test-method> <!-- openApp -->
        <test-method signature="testLogin(java.lang.String,java.lang.String)[pri:0, instance:testCases.TC02_Login@5ef6ae06]" started-at="2025-02-14T10:05:48 CST" name="testLogin" data-provider="LoginData" finished-at="2025-02-14T10:05:53 CST" duration-ms="4184" status="PASS">
          <params>
            <param index="0">
              <value>
                <![CDATA[goodmorning@gmail.com]]>
              </value>
            </param>
            <param index="1">
              <value>
                <![CDATA[test@1234]]>
              </value>
            </param>
          </params>
          <reporter-output>
          </reporter-output>
        </test-method> <!-- testLogin -->
        <test-method signature="testLogin(java.lang.String,java.lang.String)[pri:0, instance:testCases.TC02_Login@5ef6ae06]" started-at="2025-02-14T10:05:53 CST" name="testLogin" data-provider="LoginData" finished-at="2025-02-14T10:05:58 CST" duration-ms="4912" status="PASS">
          <params>
            <param index="0">
              <value>
                <![CDATA[test121@test.com]]>
              </value>
            </param>
            <param index="1">
              <value>
                <![CDATA[test123]]>
              </value>
            </param>
          </params>
          <reporter-output>
          </reporter-output>
        </test-method> <!-- testLogin -->
        <test-method signature="testLogin(java.lang.String,java.lang.String)[pri:0, instance:testCases.TC02_Login@5ef6ae06]" started-at="2025-02-14T10:05:58 CST" name="testLogin" data-provider="LoginData" finished-at="2025-02-14T10:06:09 CST" duration-ms="11773" status="PASS">
          <params>
            <param index="0">
              <value>
                <![CDATA[sid@cloudberry.services]]>
              </value>
            </param>
            <param index="1">
              <value>
                <![CDATA[Test123]]>
              </value>
            </param>
          </params>
          <reporter-output>
          </reporter-output>
        </test-method> <!-- testLogin -->
        <test-method signature="testLogin(java.lang.String,java.lang.String)[pri:0, instance:testCases.TC02_Login@5ef6ae06]" started-at="2025-02-14T10:06:09 CST" name="testLogin" data-provider="LoginData" finished-at="2025-02-14T10:06:14 CST" duration-ms="4859" status="PASS">
          <params>
            <param index="0">
              <value>
                <![CDATA[otisdog22@yahoo.com]]>
              </value>
            </param>
            <param index="1">
              <value>
                <![CDATA[1234QWERT]]>
              </value>
            </param>
          </params>
          <reporter-output>
          </reporter-output>
        </test-method> <!-- testLogin -->
        <test-method signature="testLogin(java.lang.String,java.lang.String)[pri:0, instance:testCases.TC02_Login@5ef6ae06]" started-at="2025-02-14T10:06:14 CST" name="testLogin" data-provider="LoginData" finished-at="2025-02-14T10:06:20 CST" duration-ms="5780" status="PASS">
          <params>
            <param index="0">
              <value>
                <![CDATA[shalaka.dongre@gmail.com]]>
              </value>
            </param>
            <param index="1">
              <value>
                <![CDATA[Test123!]]>
              </value>
            </param>
          </params>
          <reporter-output>
          </reporter-output>
        </test-method> <!-- testLogin -->
        <test-method is-config="true" signature="closeApp()[pri:0, instance:testCases.TC02_Login@5ef6ae06]" started-at="2025-02-14T10:06:20 CST" name="closeApp" finished-at="2025-02-14T10:06:24 CST" duration-ms="3950" status="PASS">
          <reporter-output>
          </reporter-output>
        </test-method> <!-- closeApp -->
      </class> <!-- testCases.TC02_Login -->
      <class name="testCases.TC01_LaunchApplication">
        <test-method is-config="true" signature="openApp(java.lang.String,java.lang.String)[pri:0, instance:testCases.TC01_LaunchApplication@f80945f]" started-at="2025-02-14T10:04:37 CST" name="openApp" finished-at="2025-02-14T10:04:50 CST" duration-ms="13152" status="PASS">
          <params>
            <param index="0">
              <value>
                <![CDATA[windows]]>
              </value>
            </param>
            <param index="1">
              <value>
                <![CDATA[edge]]>
              </value>
            </param>
          </params>
          <reporter-output>
          </reporter-output>
        </test-method> <!-- openApp -->
        <test-method signature="testLaunchApplication()[pri:0, instance:testCases.TC01_LaunchApplication@f80945f]" started-at="2025-02-14T10:04:50 CST" name="testLaunchApplication" finished-at="2025-02-14T10:04:50 CST" duration-ms="217" status="PASS">
          <reporter-output>
          </reporter-output>
        </test-method> <!-- testLaunchApplication -->
        <test-method is-config="true" signature="closeApp()[pri:0, instance:testCases.TC01_LaunchApplication@f80945f]" started-at="2025-02-14T10:04:50 CST" name="closeApp" finished-at="2025-02-14T10:04:53 CST" duration-ms="3237" status="PASS">
          <reporter-output>
          </reporter-output>
        </test-method> <!-- closeApp -->
      </class> <!-- testCases.TC01_LaunchApplication -->
      <class name="testCases.TC03_AddToCart">
        <test-method is-config="true" signature="openApp(java.lang.String,java.lang.String)[pri:0, instance:testCases.TC03_AddToCart@23aa363a]" started-at="2025-02-14T10:05:14 CST" name="openApp" finished-at="2025-02-14T10:05:24 CST" duration-ms="9285" status="PASS">
          <params>
            <param index="0">
              <value>
                <![CDATA[windows]]>
              </value>
            </param>
            <param index="1">
              <value>
                <![CDATA[edge]]>
              </value>
            </param>
          </params>
          <reporter-output>
          </reporter-output>
        </test-method> <!-- openApp -->
        <test-method signature="testAddToCart()[pri:0, instance:testCases.TC03_AddToCart@23aa363a]" started-at="2025-02-14T10:05:24 CST" name="testAddToCart" finished-at="2025-02-14T10:05:29 CST" duration-ms="5317" status="PASS">
          <reporter-output>
          </reporter-output>
        </test-method> <!-- testAddToCart -->
        <test-method is-config="true" signature="closeApp()[pri:0, instance:testCases.TC03_AddToCart@23aa363a]" started-at="2025-02-14T10:05:29 CST" name="closeApp" finished-at="2025-02-14T10:05:34 CST" duration-ms="4791" status="PASS">
          <reporter-output>
          </reporter-output>
        </test-method> <!-- closeApp -->
      </class> <!-- testCases.TC03_AddToCart -->
      <class name="testCases.TC05_AddToWish">
        <test-method is-config="true" signature="openApp(java.lang.String,java.lang.String)[pri:0, instance:testCases.TC05_AddToWish@55dfebeb]" started-at="2025-02-14T10:06:24 CST" name="openApp" finished-at="2025-02-14T10:06:30 CST" duration-ms="6322" status="PASS">
          <params>
            <param index="0">
              <value>
                <![CDATA[windows]]>
              </value>
            </param>
            <param index="1">
              <value>
                <![CDATA[edge]]>
              </value>
            </param>
          </params>
          <reporter-output>
          </reporter-output>
        </test-method> <!-- openApp -->
        <test-method signature="testAddToWishList()[pri:0, instance:testCases.TC05_AddToWish@55dfebeb]" started-at="2025-02-14T10:06:30 CST" name="testAddToWishList" finished-at="2025-02-14T10:06:37 CST" duration-ms="6921" status="PASS">
          <reporter-output>
          </reporter-output>
        </test-method> <!-- testAddToWishList -->
        <test-method is-config="true" signature="closeApp()[pri:0, instance:testCases.TC05_AddToWish@55dfebeb]" started-at="2025-02-14T10:06:37 CST" name="closeApp" finished-at="2025-02-14T10:06:41 CST" duration-ms="3391" status="PASS">
          <reporter-output>
          </reporter-output>
        </test-method> <!-- closeApp -->
      </class> <!-- testCases.TC05_AddToWish -->
      <class name="testCases.TC06_GifftCertificcate">
        <test-method is-config="true" signature="openApp(java.lang.String,java.lang.String)[pri:0, instance:testCases.TC06_GifftCertificcate@ff684e1]" started-at="2025-02-14T10:04:53 CST" name="openApp" finished-at="2025-02-14T10:05:05 CST" duration-ms="12139" status="PASS">
          <params>
            <param index="0">
              <value>
                <![CDATA[windows]]>
              </value>
            </param>
            <param index="1">
              <value>
                <![CDATA[edge]]>
              </value>
            </param>
          </params>
          <reporter-output>
          </reporter-output>
        </test-method> <!-- openApp -->
        <test-method signature="testPurchaseAGiftCertificate()[pri:0, instance:testCases.TC06_GifftCertificcate@ff684e1]" started-at="2025-02-14T10:05:05 CST" name="testPurchaseAGiftCertificate" finished-at="2025-02-14T10:05:10 CST" duration-ms="4478" status="PASS">
          <reporter-output>
          </reporter-output>
        </test-method> <!-- testPurchaseAGiftCertificate -->
        <test-method is-config="true" signature="closeApp()[pri:0, instance:testCases.TC06_GifftCertificcate@ff684e1]" started-at="2025-02-14T10:05:10 CST" name="closeApp" finished-at="2025-02-14T10:05:14 CST" duration-ms="4532" status="PASS">
          <reporter-output>
          </reporter-output>
        </test-method> <!-- closeApp -->
      </class> <!-- testCases.TC06_GifftCertificcate -->
      <class name="testCases.TC04_CompletePurchase">
        <test-method is-config="true" signature="openApp(java.lang.String,java.lang.String)[pri:0, instance:testCases.TC04_CompletePurchase@6e35bc3d]" started-at="2025-02-14T10:06:41 CST" name="openApp" finished-at="2025-02-14T10:06:49 CST" duration-ms="8458" status="PASS">
          <params>
            <param index="0">
              <value>
                <![CDATA[windows]]>
              </value>
            </param>
            <param index="1">
              <value>
                <![CDATA[edge]]>
              </value>
            </param>
          </params>
          <reporter-output>
          </reporter-output>
        </test-method> <!-- openApp -->
        <test-method signature="testCompletePurchase()[pri:0, instance:testCases.TC04_CompletePurchase@6e35bc3d]" started-at="2025-02-14T10:06:49 CST" name="testCompletePurchase" finished-at="2025-02-14T10:08:05 CST" duration-ms="75510" status="PASS">
          <reporter-output>
          </reporter-output>
        </test-method> <!-- testCompletePurchase -->
        <test-method is-config="true" signature="closeApp()[pri:0, instance:testCases.TC04_CompletePurchase@6e35bc3d]" started-at="2025-02-14T10:08:05 CST" name="closeApp" finished-at="2025-02-14T10:08:06 CST" duration-ms="1618" status="PASS">
          <reporter-output>
          </reporter-output>
        </test-method> <!-- closeApp -->
      </class> <!-- testCases.TC04_CompletePurchase -->
    </test> <!-- edgeTest -->
    <test started-at="2025-02-14T10:04:36 CST" name="firefoxTest" finished-at="2025-02-14T10:08:16 CST" duration-ms="219232">
      <class name="testCases.TC02_Login">
        <test-method is-config="true" signature="openApp(java.lang.String,java.lang.String)[pri:0, instance:testCases.TC02_Login@604f2bd2]" started-at="2025-02-14T10:05:50 CST" name="openApp" finished-at="2025-02-14T10:06:04 CST" duration-ms="13758" status="PASS">
          <params>
            <param index="0">
              <value>
                <![CDATA[windows]]>
              </value>
            </param>
            <param index="1">
              <value>
                <![CDATA[firefox]]>
              </value>
            </param>
          </params>
          <reporter-output>
          </reporter-output>
        </test-method> <!-- openApp -->
        <test-method signature="testLogin(java.lang.String,java.lang.String)[pri:0, instance:testCases.TC02_Login@604f2bd2]" started-at="2025-02-14T10:06:05 CST" name="testLogin" data-provider="LoginData" finished-at="2025-02-14T10:06:11 CST" duration-ms="5826" status="PASS">
          <params>
            <param index="0">
              <value>
                <![CDATA[goodmorning@gmail.com]]>
              </value>
            </param>
            <param index="1">
              <value>
                <![CDATA[test@1234]]>
              </value>
            </param>
          </params>
          <reporter-output>
          </reporter-output>
        </test-method> <!-- testLogin -->
        <test-method signature="testLogin(java.lang.String,java.lang.String)[pri:0, instance:testCases.TC02_Login@604f2bd2]" started-at="2025-02-14T10:06:11 CST" name="testLogin" data-provider="LoginData" finished-at="2025-02-14T10:06:15 CST" duration-ms="3590" status="PASS">
          <params>
            <param index="0">
              <value>
                <![CDATA[test121@test.com]]>
              </value>
            </param>
            <param index="1">
              <value>
                <![CDATA[test123]]>
              </value>
            </param>
          </params>
          <reporter-output>
          </reporter-output>
        </test-method> <!-- testLogin -->
        <test-method signature="testLogin(java.lang.String,java.lang.String)[pri:0, instance:testCases.TC02_Login@604f2bd2]" started-at="2025-02-14T10:06:15 CST" name="testLogin" data-provider="LoginData" finished-at="2025-02-14T10:06:18 CST" duration-ms="3539" status="PASS">
          <params>
            <param index="0">
              <value>
                <![CDATA[sid@cloudberry.services]]>
              </value>
            </param>
            <param index="1">
              <value>
                <![CDATA[Test123]]>
              </value>
            </param>
          </params>
          <reporter-output>
          </reporter-output>
        </test-method> <!-- testLogin -->
        <test-method signature="testLogin(java.lang.String,java.lang.String)[pri:0, instance:testCases.TC02_Login@604f2bd2]" started-at="2025-02-14T10:06:18 CST" name="testLogin" data-provider="LoginData" finished-at="2025-02-14T10:06:21 CST" duration-ms="3252" status="PASS">
          <params>
            <param index="0">
              <value>
                <![CDATA[otisdog22@yahoo.com]]>
              </value>
            </param>
            <param index="1">
              <value>
                <![CDATA[1234QWERT]]>
              </value>
            </param>
          </params>
          <reporter-output>
          </reporter-output>
        </test-method> <!-- testLogin -->
        <test-method signature="testLogin(java.lang.String,java.lang.String)[pri:0, instance:testCases.TC02_Login@604f2bd2]" started-at="2025-02-14T10:06:21 CST" name="testLogin" data-provider="LoginData" finished-at="2025-02-14T10:06:24 CST" duration-ms="3093" status="PASS">
          <params>
            <param index="0">
              <value>
                <![CDATA[shalaka.dongre@gmail.com]]>
              </value>
            </param>
            <param index="1">
              <value>
                <![CDATA[Test123!]]>
              </value>
            </param>
          </params>
          <reporter-output>
          </reporter-output>
        </test-method> <!-- testLogin -->
        <test-method is-config="true" signature="closeApp()[pri:0, instance:testCases.TC02_Login@604f2bd2]" started-at="2025-02-14T10:06:24 CST" name="closeApp" finished-at="2025-02-14T10:06:29 CST" duration-ms="4285" status="PASS">
          <reporter-output>
          </reporter-output>
        </test-method> <!-- closeApp -->
      </class> <!-- testCases.TC02_Login -->
      <class name="testCases.TC01_LaunchApplication">
        <test-method is-config="true" signature="openApp(java.lang.String,java.lang.String)[pri:0, instance:testCases.TC01_LaunchApplication@77b14724]" started-at="2025-02-14T10:04:37 CST" name="openApp" finished-at="2025-02-14T10:05:00 CST" duration-ms="23803" status="PASS">
          <params>
            <param index="0">
              <value>
                <![CDATA[windows]]>
              </value>
            </param>
            <param index="1">
              <value>
                <![CDATA[firefox]]>
              </value>
            </param>
          </params>
          <reporter-output>
          </reporter-output>
        </test-method> <!-- openApp -->
        <test-method signature="testLaunchApplication()[pri:0, instance:testCases.TC01_LaunchApplication@77b14724]" started-at="2025-02-14T10:05:00 CST" name="testLaunchApplication" finished-at="2025-02-14T10:05:01 CST" duration-ms="295" status="PASS">
          <reporter-output>
          </reporter-output>
        </test-method> <!-- testLaunchApplication -->
        <test-method is-config="true" signature="closeApp()[pri:0, instance:testCases.TC01_LaunchApplication@77b14724]" started-at="2025-02-14T10:05:01 CST" name="closeApp" finished-at="2025-02-14T10:05:07 CST" duration-ms="6705" status="PASS">
          <reporter-output>
          </reporter-output>
        </test-method> <!-- closeApp -->
      </class> <!-- testCases.TC01_LaunchApplication -->
      <class name="testCases.TC03_AddToCart">
        <test-method is-config="true" signature="openApp(java.lang.String,java.lang.String)[pri:0, instance:testCases.TC03_AddToCart@1e8ce150]" started-at="2025-02-14T10:05:27 CST" name="openApp" finished-at="2025-02-14T10:05:39 CST" duration-ms="11987" status="PASS">
          <params>
            <param index="0">
              <value>
                <![CDATA[windows]]>
              </value>
            </param>
            <param index="1">
              <value>
                <![CDATA[firefox]]>
              </value>
            </param>
          </params>
          <reporter-output>
          </reporter-output>
        </test-method> <!-- openApp -->
        <test-method signature="testAddToCart()[pri:0, instance:testCases.TC03_AddToCart@1e8ce150]" started-at="2025-02-14T10:05:39 CST" name="testAddToCart" finished-at="2025-02-14T10:05:44 CST" duration-ms="4396" status="PASS">
          <reporter-output>
          </reporter-output>
        </test-method> <!-- testAddToCart -->
        <test-method is-config="true" signature="closeApp()[pri:0, instance:testCases.TC03_AddToCart@1e8ce150]" started-at="2025-02-14T10:05:44 CST" name="closeApp" finished-at="2025-02-14T10:05:50 CST" duration-ms="6224" status="PASS">
          <reporter-output>
          </reporter-output>
        </test-method> <!-- closeApp -->
      </class> <!-- testCases.TC03_AddToCart -->
      <class name="testCases.TC05_AddToWish">
        <test-method is-config="true" signature="openApp(java.lang.String,java.lang.String)[pri:0, instance:testCases.TC05_AddToWish@1d3ac898]" started-at="2025-02-14T10:06:29 CST" name="openApp" finished-at="2025-02-14T10:06:43 CST" duration-ms="13910" status="PASS">
          <params>
            <param index="0">
              <value>
                <![CDATA[windows]]>
              </value>
            </param>
            <param index="1">
              <value>
                <![CDATA[firefox]]>
              </value>
            </param>
          </params>
          <reporter-output>
          </reporter-output>
        </test-method> <!-- openApp -->
        <test-method signature="testAddToWishList()[pri:0, instance:testCases.TC05_AddToWish@1d3ac898]" started-at="2025-02-14T10:06:43 CST" name="testAddToWishList" finished-at="2025-02-14T10:06:47 CST" duration-ms="4292" status="PASS">
          <reporter-output>
          </reporter-output>
        </test-method> <!-- testAddToWishList -->
        <test-method is-config="true" signature="closeApp()[pri:0, instance:testCases.TC05_AddToWish@1d3ac898]" started-at="2025-02-14T10:06:47 CST" name="closeApp" finished-at="2025-02-14T10:06:51 CST" duration-ms="4254" status="PASS">
          <reporter-output>
          </reporter-output>
        </test-method> <!-- closeApp -->
      </class> <!-- testCases.TC05_AddToWish -->
      <class name="testCases.TC06_GifftCertificcate">
        <test-method is-config="true" signature="openApp(java.lang.String,java.lang.String)[pri:0, instance:testCases.TC06_GifftCertificcate@5d9b7a8a]" started-at="2025-02-14T10:05:07 CST" name="openApp" finished-at="2025-02-14T10:05:20 CST" duration-ms="13004" status="PASS">
          <params>
            <param index="0">
              <value>
                <![CDATA[windows]]>
              </value>
            </param>
            <param index="1">
              <value>
                <![CDATA[firefox]]>
              </value>
            </param>
          </params>
          <reporter-output>
          </reporter-output>
        </test-method> <!-- openApp -->
        <test-method signature="testPurchaseAGiftCertificate()[pri:0, instance:testCases.TC06_GifftCertificcate@5d9b7a8a]" started-at="2025-02-14T10:05:20 CST" name="testPurchaseAGiftCertificate" finished-at="2025-02-14T10:05:24 CST" duration-ms="4012" status="PASS">
          <reporter-output>
          </reporter-output>
        </test-method> <!-- testPurchaseAGiftCertificate -->
        <test-method is-config="true" signature="closeApp()[pri:0, instance:testCases.TC06_GifftCertificcate@5d9b7a8a]" started-at="2025-02-14T10:05:24 CST" name="closeApp" finished-at="2025-02-14T10:05:27 CST" duration-ms="2971" status="PASS">
          <reporter-output>
          </reporter-output>
        </test-method> <!-- closeApp -->
      </class> <!-- testCases.TC06_GifftCertificcate -->
      <class name="testCases.TC04_CompletePurchase">
        <test-method is-config="true" signature="openApp(java.lang.String,java.lang.String)[pri:0, instance:testCases.TC04_CompletePurchase@1b73be9f]" started-at="2025-02-14T10:06:51 CST" name="openApp" finished-at="2025-02-14T10:07:02 CST" duration-ms="11212" status="PASS">
          <params>
            <param index="0">
              <value>
                <![CDATA[windows]]>
              </value>
            </param>
            <param index="1">
              <value>
                <![CDATA[firefox]]>
              </value>
            </param>
          </params>
          <reporter-output>
          </reporter-output>
        </test-method> <!-- openApp -->
        <test-method signature="testCompletePurchase()[pri:0, instance:testCases.TC04_CompletePurchase@1b73be9f]" started-at="2025-02-14T10:07:02 CST" name="testCompletePurchase" finished-at="2025-02-14T10:08:14 CST" duration-ms="71719" status="PASS">
          <reporter-output>
          </reporter-output>
        </test-method> <!-- testCompletePurchase -->
        <test-method is-config="true" signature="closeApp()[pri:0, instance:testCases.TC04_CompletePurchase@1b73be9f]" started-at="2025-02-14T10:08:14 CST" name="closeApp" finished-at="2025-02-14T10:08:16 CST" duration-ms="1388" status="PASS">
          <reporter-output>
          </reporter-output>
        </test-method> <!-- closeApp -->
      </class> <!-- testCases.TC04_CompletePurchase -->
    </test> <!-- firefoxTest -->
  </suite> <!-- Suite -->
</testng-results>
