<?xml version="1.0" encoding="UTF-8"?>
<testng-results ignored="0" total="3" passed="3" failed="0" skipped="0">
  <reporter-output>
  </reporter-output>
  <suite started-at="2025-02-06T15:10:46 CST" name="Default suite" finished-at="2025-02-06T15:10:50 CST" duration-ms="4049">
    <groups>
    </groups>
    <test started-at="2025-02-06T15:10:46 CST" name="Default test" finished-at="2025-02-06T15:10:50 CST" duration-ms="4049">
      <class name="testCases.TC01_LaunchApplication">
        <test-method signature="openApp()[pri:1, instance:testCases.TC01_LaunchApplication@61e94def]" started-at="2025-02-06T15:10:46 CST" name="openApp" finished-at="2025-02-06T15:10:49 CST" duration-ms="2851" status="PASS">
          <reporter-output>
          </reporter-output>
        </test-method> <!-- openApp -->
        <test-method signature="testLaunchApplication()[pri:2, instance:testCases.TC01_LaunchApplication@61e94def]" started-at="2025-02-06T15:10:49 CST" name="testLaunchApplication" finished-at="2025-02-06T15:10:49 CST" duration-ms="341" status="PASS">
          <reporter-output>
          </reporter-output>
        </test-method> <!-- testLaunchApplication -->
        <test-method signature="closeApp()[pri:3, instance:testCases.TC01_LaunchApplication@61e94def]" started-at="2025-02-06T15:10:49 CST" name="closeApp" finished-at="2025-02-06T15:10:50 CST" duration-ms="692" status="PASS">
          <reporter-output>
          </reporter-output>
        </test-method> <!-- closeApp -->
      </class> <!-- testCases.TC01_LaunchApplication -->
    </test> <!-- Default test -->
  </suite> <!-- Default suite -->
</testng-results>
