<?xml version="1.0" encoding="UTF-8"?>
<!-- Generated by org.testng.reporters.JUnitXMLReporter -->
<testsuite ignored="0" hostname="Rae" failures="0" tests="10" name="edgeTest" time="343.587" errors="0" timestamp="2025-02-19T10:41:41 CST">
  <testcase classname="testCases.TC01_LaunchApplication" name="testLaunchApplication" time="1.848"/>
  <testcase classname="testCases.TC06_GifftCertificcate" name="testPurchaseAGiftCertificate" time="16.912"/>
  <testcase classname="testCases.TC03_AddToCart" name="testAddToCart" time="16.313"/>
  <testcase classname="testCases.TC02_Login" name="testLogin" time="21.659"/>
  <testcase classname="testCases.TC02_Login" name="testLogin" time="6.244"/>
  <testcase classname="testCases.TC02_Login" name="testLogin" time="5.936"/>
  <testcase classname="testCases.TC02_Login" name="testLogin" time="23.862"/>
  <testcase classname="testCases.TC02_Login" name="testLogin" time="6.782"/>
  <testcase classname="testCases.TC05_AddToWish" name="testAddToWishList" time="8.576"/>
  <testcase classname="testCases.TC04_CompletePurchase" name="testCompletePurchase" time="79.157"/>
</testsuite> <!-- edgeTest -->
