<?xml version="1.0" encoding="UTF-8"?>
<!-- Generated by org.testng.reporters.JUnitXMLReporter -->
<testsuite ignored="0" hostname="Rae" failures="0" tests="10" name="chromeTest" time="202.49" errors="0" timestamp="2025-02-14T10:08:01 CST">
  <testcase classname="testCases.TC01_LaunchApplication" name="testLaunchApplication" time="0.867"/>
  <testcase classname="testCases.TC06_GifftCertificcate" name="testPurchaseAGiftCertificate" time="6.875"/>
  <testcase classname="testCases.TC03_AddToCart" name="testAddToCart" time="12.085"/>
  <testcase classname="testCases.TC02_Login" name="testLogin" time="8.405"/>
  <testcase classname="testCases.TC02_Login" name="testLogin" time="5.113"/>
  <testcase classname="testCases.TC02_Login" name="testLogin" time="5.061"/>
  <testcase classname="testCases.TC02_Login" name="testLogin" time="11.096"/>
  <testcase classname="testCases.TC02_Login" name="testLogin" time="4.741"/>
  <testcase classname="testCases.TC05_AddToWish" name="testAddToWishList" time="4.261"/>
  <testcase classname="testCases.TC04_CompletePurchase" name="testCompletePurchase" time="82.494"/>
</testsuite> <!-- chromeTest -->
