<?xml version="1.0" encoding="UTF-8"?>
<!-- Generated by org.testng.reporters.JUnitXMLReporter -->
<testsuite ignored="0" hostname="Rae" failures="0" tests="10" name="edgeTest" time="209.844" errors="0" timestamp="2025-02-14T10:08:07 CST">
  <testcase classname="testCases.TC01_LaunchApplication" name="testLaunchApplication" time="0.217"/>
  <testcase classname="testCases.TC06_GifftCertificcate" name="testPurchaseAGiftCertificate" time="4.478"/>
  <testcase classname="testCases.TC03_AddToCart" name="testAddToCart" time="5.317"/>
  <testcase classname="testCases.TC02_Login" name="testLogin" time="4.184"/>
  <testcase classname="testCases.TC02_Login" name="testLogin" time="4.912"/>
  <testcase classname="testCases.TC02_Login" name="testLogin" time="11.773"/>
  <testcase classname="testCases.TC02_Login" name="testLogin" time="4.859"/>
  <testcase classname="testCases.TC02_Login" name="testLogin" time="5.78"/>
  <testcase classname="testCases.TC05_AddToWish" name="testAddToWishList" time="6.921"/>
  <testcase classname="testCases.TC04_CompletePurchase" name="testCompletePurchase" time="75.51"/>
</testsuite> <!-- edgeTest -->
