<?xml version="1.0" encoding="UTF-8"?>
<testng-results ignored="0" total="0" passed="0" failed="0" skipped="0">
  <reporter-output>
  </reporter-output>
  <suite started-at="2025-04-08T14:47:14 CDT" name="Suite" finished-at="2025-04-08T14:47:14 CDT" duration-ms="0">
    <groups>
      <group name="datadriven">
        <method signature="TC02_Login.testLogin(java.lang.String,java.lang.String)[pri:0, instance:testCases.TC02_Login@66c92293]" name="testLogin" class="testCases.TC02_Login"/>
        <method signature="TC02_Login.testLogin(java.lang.String,java.lang.String)[pri:0, instance:testCases.TC02_Login@39a2bb97]" name="testLogin" class="testCases.TC02_Login"/>
        <method signature="TC02_Login.testLogin(java.lang.String,java.lang.String)[pri:0, instance:testCases.TC02_Login@5bf8fa12]" name="testLogin" class="testCases.TC02_Login"/>
      </group> <!-- datadriven -->
      <group name="regression">
        <method signature="TC01_LaunchApplication.testLaunchApplication()[pri:0, instance:testCases.TC01_LaunchApplication@5ba88be8]" name="testLaunchApplication" class="testCases.TC01_LaunchApplication"/>
        <method signature="TC02_Login.testLogin(java.lang.String,java.lang.String)[pri:0, instance:testCases.TC02_Login@66c92293]" name="testLogin" class="testCases.TC02_Login"/>
        <method signature="TC03_AddToCart.testAddToCart()[pri:0, instance:testCases.TC03_AddToCart@30e868be]" name="testAddToCart" class="testCases.TC03_AddToCart"/>
        <method signature="TC04_CompletePurchase.testCompletePurchase()[pri:0, instance:testCases.TC04_CompletePurchase@4f0100a7]" name="testCompletePurchase" class="testCases.TC04_CompletePurchase"/>
        <method signature="TC05_AddToWish.testAddToWishList()[pri:0, instance:testCases.TC05_AddToWish@332796d3]" name="testAddToWishList" class="testCases.TC05_AddToWish"/>
        <method signature="TC06_GifftCertificcate.testPurchaseAGiftCertificate()[pri:0, instance:testCases.TC06_GifftCertificcate@38089a5a]" name="testPurchaseAGiftCertificate" class="testCases.TC06_GifftCertificcate"/>
        <method signature="TC01_LaunchApplication.testLaunchApplication()[pri:0, instance:testCases.TC01_LaunchApplication@7749bf93]" name="testLaunchApplication" class="testCases.TC01_LaunchApplication"/>
        <method signature="TC02_Login.testLogin(java.lang.String,java.lang.String)[pri:0, instance:testCases.TC02_Login@39a2bb97]" name="testLogin" class="testCases.TC02_Login"/>
        <method signature="TC03_AddToCart.testAddToCart()[pri:0, instance:testCases.TC03_AddToCart@539d019]" name="testAddToCart" class="testCases.TC03_AddToCart"/>
        <method signature="TC04_CompletePurchase.testCompletePurchase()[pri:0, instance:testCases.TC04_CompletePurchase@8c3619e]" name="testCompletePurchase" class="testCases.TC04_CompletePurchase"/>
        <method signature="TC05_AddToWish.testAddToWishList()[pri:0, instance:testCases.TC05_AddToWish@3ad2e17]" name="testAddToWishList" class="testCases.TC05_AddToWish"/>
        <method signature="TC06_GifftCertificcate.testPurchaseAGiftCertificate()[pri:0, instance:testCases.TC06_GifftCertificcate@13330ac6]" name="testPurchaseAGiftCertificate" class="testCases.TC06_GifftCertificcate"/>
        <method signature="TC01_LaunchApplication.testLaunchApplication()[pri:0, instance:testCases.TC01_LaunchApplication@6f63b475]" name="testLaunchApplication" class="testCases.TC01_LaunchApplication"/>
        <method signature="TC02_Login.testLogin(java.lang.String,java.lang.String)[pri:0, instance:testCases.TC02_Login@5bf8fa12]" name="testLogin" class="testCases.TC02_Login"/>
        <method signature="TC03_AddToCart.testAddToCart()[pri:0, instance:testCases.TC03_AddToCart@1608bcbd]" name="testAddToCart" class="testCases.TC03_AddToCart"/>
        <method signature="TC04_CompletePurchase.testCompletePurchase()[pri:0, instance:testCases.TC04_CompletePurchase@b2c5e07]" name="testCompletePurchase" class="testCases.TC04_CompletePurchase"/>
        <method signature="TC05_AddToWish.testAddToWishList()[pri:0, instance:testCases.TC05_AddToWish@29ca3d04]" name="testAddToWishList" class="testCases.TC05_AddToWish"/>
        <method signature="TC06_GifftCertificcate.testPurchaseAGiftCertificate()[pri:0, instance:testCases.TC06_GifftCertificcate@554e218]" name="testPurchaseAGiftCertificate" class="testCases.TC06_GifftCertificcate"/>
      </group> <!-- regression -->
      <group name="smoke">
        <method signature="TC01_LaunchApplication.testLaunchApplication()[pri:0, instance:testCases.TC01_LaunchApplication@5ba88be8]" name="testLaunchApplication" class="testCases.TC01_LaunchApplication"/>
        <method signature="TC02_Login.testLogin(java.lang.String,java.lang.String)[pri:0, instance:testCases.TC02_Login@66c92293]" name="testLogin" class="testCases.TC02_Login"/>
        <method signature="TC03_AddToCart.testAddToCart()[pri:0, instance:testCases.TC03_AddToCart@30e868be]" name="testAddToCart" class="testCases.TC03_AddToCart"/>
        <method signature="TC04_CompletePurchase.testCompletePurchase()[pri:0, instance:testCases.TC04_CompletePurchase@4f0100a7]" name="testCompletePurchase" class="testCases.TC04_CompletePurchase"/>
        <method signature="TC01_LaunchApplication.testLaunchApplication()[pri:0, instance:testCases.TC01_LaunchApplication@7749bf93]" name="testLaunchApplication" class="testCases.TC01_LaunchApplication"/>
        <method signature="TC02_Login.testLogin(java.lang.String,java.lang.String)[pri:0, instance:testCases.TC02_Login@39a2bb97]" name="testLogin" class="testCases.TC02_Login"/>
        <method signature="TC03_AddToCart.testAddToCart()[pri:0, instance:testCases.TC03_AddToCart@539d019]" name="testAddToCart" class="testCases.TC03_AddToCart"/>
        <method signature="TC04_CompletePurchase.testCompletePurchase()[pri:0, instance:testCases.TC04_CompletePurchase@8c3619e]" name="testCompletePurchase" class="testCases.TC04_CompletePurchase"/>
        <method signature="TC01_LaunchApplication.testLaunchApplication()[pri:0, instance:testCases.TC01_LaunchApplication@6f63b475]" name="testLaunchApplication" class="testCases.TC01_LaunchApplication"/>
        <method signature="TC02_Login.testLogin(java.lang.String,java.lang.String)[pri:0, instance:testCases.TC02_Login@5bf8fa12]" name="testLogin" class="testCases.TC02_Login"/>
        <method signature="TC03_AddToCart.testAddToCart()[pri:0, instance:testCases.TC03_AddToCart@1608bcbd]" name="testAddToCart" class="testCases.TC03_AddToCart"/>
        <method signature="TC04_CompletePurchase.testCompletePurchase()[pri:0, instance:testCases.TC04_CompletePurchase@b2c5e07]" name="testCompletePurchase" class="testCases.TC04_CompletePurchase"/>
      </group> <!-- smoke -->
    </groups>
  </suite> <!-- Suite -->
</testng-results>
