<?xml version="1.0" encoding="UTF-8"?>
<!-- Generated by org.testng.reporters.JUnitXMLReporter -->
<testsuite ignored="0" hostname="Rae" failures="0" tests="2" name="chromeTest" time="944.058" errors="0" timestamp="2025-04-08T14:47:14 CDT">
  <testcase classname="testCases.TC01_LaunchApplication" name="testLaunchApplication" time="0.016">
    <skipped/>
  </testcase> <!-- testLaunchApplication -->
  <testcase classname="testCases.TC01_LaunchApplication" name="testLaunchApplication" time="0.002">
    <skipped/>
  </testcase> <!-- testLaunchApplication -->
</testsuite> <!-- chromeTest -->
